[2025-06-06T20:20:34.901+0000] {logging_mixin.py:188} INFO - Changing /opt/***/logs/dag_id=etl_music_pipeline/run_id=manual__2025-06-06T20:20:25.822064+00:00/task_id=upload_drive permission to 509
[2025-06-06T20:20:34.901+0000] {logging_mixin.py:188} INFO - Failed to change /opt/***/logs/dag_id=etl_music_pipeline/run_id=manual__2025-06-06T20:20:25.822064+00:00/task_id=upload_drive permission to 509: [Errno 1] Operation not permitted: '/opt/***/logs/dag_id=etl_music_pipeline/run_id=manual__2025-06-06T20:20:25.822064+00:00/task_id=upload_drive'
[2025-06-06T20:20:34.922+0000] {logging_mixin.py:188} INFO - Changing /opt/***/logs/dag_id=etl_music_pipeline/run_id=manual__2025-06-06T20:20:25.822064+00:00/task_id=upload_drive permission to 509
[2025-06-06T20:20:34.922+0000] {logging_mixin.py:188} INFO - Failed to change /opt/***/logs/dag_id=etl_music_pipeline/run_id=manual__2025-06-06T20:20:25.822064+00:00/task_id=upload_drive permission to 509: [Errno 1] Operation not permitted: '/opt/***/logs/dag_id=etl_music_pipeline/run_id=manual__2025-06-06T20:20:25.822064+00:00/task_id=upload_drive'
[2025-06-06T20:20:34.948+0000] {taskinstance.py:1956} INFO - Dependencies all met for dep_context=non-requeueable deps ti=<TaskInstance: etl_music_pipeline.upload_drive manual__2025-06-06T20:20:25.822064+00:00 [queued]>
[2025-06-06T20:20:34.954+0000] {taskinstance.py:1956} INFO - Dependencies all met for dep_context=requeueable deps ti=<TaskInstance: etl_music_pipeline.upload_drive manual__2025-06-06T20:20:25.822064+00:00 [queued]>
[2025-06-06T20:20:34.954+0000] {taskinstance.py:2170} INFO - Starting attempt 1 of 2
[2025-06-06T20:20:34.964+0000] {taskinstance.py:2191} INFO - Executing <Task(PythonOperator): upload_drive> on 2025-06-06 20:20:25.822064+00:00
[2025-06-06T20:20:34.969+0000] {standard_task_runner.py:60} INFO - Started process 343 to run task
[2025-06-06T20:20:34.971+0000] {standard_task_runner.py:87} INFO - Running: ['***', 'tasks', 'run', 'etl_music_pipeline', 'upload_drive', 'manual__2025-06-06T20:20:25.822064+00:00', '--job-id', '10', '--raw', '--subdir', 'DAGS_FOLDER/etl_pipeline.py', '--cfg-path', '/tmp/tmp3oy7cmqo']
[2025-06-06T20:20:34.972+0000] {standard_task_runner.py:88} INFO - Job 10: Subtask upload_drive
[2025-06-06T20:20:35.004+0000] {logging_mixin.py:188} INFO - Changing /opt/***/logs/dag_id=etl_music_pipeline/run_id=manual__2025-06-06T20:20:25.822064+00:00/task_id=upload_drive permission to 509
[2025-06-06T20:20:35.005+0000] {logging_mixin.py:188} INFO - Failed to change /opt/***/logs/dag_id=etl_music_pipeline/run_id=manual__2025-06-06T20:20:25.822064+00:00/task_id=upload_drive permission to 509: [Errno 1] Operation not permitted: '/opt/***/logs/dag_id=etl_music_pipeline/run_id=manual__2025-06-06T20:20:25.822064+00:00/task_id=upload_drive'
[2025-06-06T20:20:35.006+0000] {task_command.py:423} INFO - Running <TaskInstance: etl_music_pipeline.upload_drive manual__2025-06-06T20:20:25.822064+00:00 [running]> on host 2c7dc015a251
[2025-06-06T20:20:35.065+0000] {taskinstance.py:2480} INFO - Exporting env vars: AIRFLOW_CTX_DAG_OWNER='***' AIRFLOW_CTX_DAG_ID='etl_music_pipeline' AIRFLOW_CTX_TASK_ID='upload_drive' AIRFLOW_CTX_EXECUTION_DATE='2025-06-06T20:20:25.822064+00:00' AIRFLOW_CTX_TRY_NUMBER='1' AIRFLOW_CTX_DAG_RUN_ID='manual__2025-06-06T20:20:25.822064+00:00'
[2025-06-06T20:20:35.066+0000] {etl_pipeline.py:25} INFO - [START] Task: upload_drive
[2025-06-06T20:20:35.069+0000] {logging_mixin.py:188} INFO - Error al subir el archivo a Google Drive: [Errno 2] No such file or directory: '/opt/***/secrets/service_account.json'
[2025-06-06T20:20:35.069+0000] {etl_pipeline.py:27} INFO - [END] Task: upload_drive
[2025-06-06T20:20:35.069+0000] {python.py:201} INFO - Done. Returned value was: None
[2025-06-06T20:20:35.078+0000] {taskinstance.py:1138} INFO - Marking task as SUCCESS. dag_id=etl_music_pipeline, task_id=upload_drive, execution_date=20250606T202025, start_date=20250606T202034, end_date=20250606T202035
[2025-06-06T20:20:35.103+0000] {local_task_job_runner.py:234} INFO - Task exited with return code 0
[2025-06-06T20:20:35.116+0000] {taskinstance.py:3280} INFO - 0 downstream tasks scheduled from follow-on schedule check
