[2025-06-06T19:28:58.272+0000] {logging_mixin.py:188} INFO - Changing /opt/***/logs/dag_id=etl_music_pipeline/run_id=manual__2025-06-06T19:28:56.079507+00:00/task_id=transform_api permission to 509
[2025-06-06T19:28:58.273+0000] {logging_mixin.py:188} INFO - Failed to change /opt/***/logs/dag_id=etl_music_pipeline/run_id=manual__2025-06-06T19:28:56.079507+00:00/task_id=transform_api permission to 509: [Errno 1] Operation not permitted: '/opt/***/logs/dag_id=etl_music_pipeline/run_id=manual__2025-06-06T19:28:56.079507+00:00/task_id=transform_api'
[2025-06-06T19:28:58.293+0000] {logging_mixin.py:188} INFO - Changing /opt/***/logs/dag_id=etl_music_pipeline/run_id=manual__2025-06-06T19:28:56.079507+00:00/task_id=transform_api permission to 509
[2025-06-06T19:28:58.294+0000] {logging_mixin.py:188} INFO - Failed to change /opt/***/logs/dag_id=etl_music_pipeline/run_id=manual__2025-06-06T19:28:56.079507+00:00/task_id=transform_api permission to 509: [Errno 1] Operation not permitted: '/opt/***/logs/dag_id=etl_music_pipeline/run_id=manual__2025-06-06T19:28:56.079507+00:00/task_id=transform_api'
[2025-06-06T19:28:58.324+0000] {taskinstance.py:1956} INFO - Dependencies all met for dep_context=non-requeueable deps ti=<TaskInstance: etl_music_pipeline.transform_api manual__2025-06-06T19:28:56.079507+00:00 [queued]>
[2025-06-06T19:28:58.331+0000] {taskinstance.py:1956} INFO - Dependencies all met for dep_context=requeueable deps ti=<TaskInstance: etl_music_pipeline.transform_api manual__2025-06-06T19:28:56.079507+00:00 [queued]>
[2025-06-06T19:28:58.331+0000] {taskinstance.py:2170} INFO - Starting attempt 1 of 2
[2025-06-06T19:28:58.341+0000] {taskinstance.py:2191} INFO - Executing <Task(PythonOperator): transform_api> on 2025-06-06 19:28:56.079507+00:00
[2025-06-06T19:28:58.346+0000] {standard_task_runner.py:60} INFO - Started process 2223 to run task
[2025-06-06T19:28:58.348+0000] {standard_task_runner.py:87} INFO - Running: ['***', 'tasks', 'run', 'etl_music_pipeline', 'transform_api', 'manual__2025-06-06T19:28:56.079507+00:00', '--job-id', '86', '--raw', '--subdir', 'DAGS_FOLDER/etl_pipeline.py', '--cfg-path', '/tmp/tmp3gr4tnmi']
[2025-06-06T19:28:58.350+0000] {standard_task_runner.py:88} INFO - Job 86: Subtask transform_api
[2025-06-06T19:28:58.383+0000] {logging_mixin.py:188} INFO - Changing /opt/***/logs/dag_id=etl_music_pipeline/run_id=manual__2025-06-06T19:28:56.079507+00:00/task_id=transform_api permission to 509
[2025-06-06T19:28:58.383+0000] {logging_mixin.py:188} INFO - Failed to change /opt/***/logs/dag_id=etl_music_pipeline/run_id=manual__2025-06-06T19:28:56.079507+00:00/task_id=transform_api permission to 509: [Errno 1] Operation not permitted: '/opt/***/logs/dag_id=etl_music_pipeline/run_id=manual__2025-06-06T19:28:56.079507+00:00/task_id=transform_api'
[2025-06-06T19:28:58.384+0000] {task_command.py:423} INFO - Running <TaskInstance: etl_music_pipeline.transform_api manual__2025-06-06T19:28:56.079507+00:00 [running]> on host 3dc3cd419f05
[2025-06-06T19:28:58.437+0000] {taskinstance.py:2480} INFO - Exporting env vars: AIRFLOW_CTX_DAG_OWNER='***' AIRFLOW_CTX_DAG_ID='etl_music_pipeline' AIRFLOW_CTX_TASK_ID='transform_api' AIRFLOW_CTX_EXECUTION_DATE='2025-06-06T19:28:56.079507+00:00' AIRFLOW_CTX_TRY_NUMBER='1' AIRFLOW_CTX_DAG_RUN_ID='manual__2025-06-06T19:28:56.079507+00:00'
[2025-06-06T19:28:58.438+0000] {etl_pipeline.py:25} INFO - [START] Task: transform_api
[2025-06-06T19:28:58.519+0000] {logging_mixin.py:188} INFO - API Spotify transformado.
[2025-06-06T19:28:58.519+0000] {etl_pipeline.py:27} INFO - [END] Task: transform_api
[2025-06-06T19:28:58.520+0000] {python.py:201} INFO - Done. Returned value was: None
[2025-06-06T19:28:58.528+0000] {taskinstance.py:1138} INFO - Marking task as SUCCESS. dag_id=etl_music_pipeline, task_id=transform_api, execution_date=20250606T192856, start_date=20250606T192858, end_date=20250606T192858
[2025-06-06T19:28:58.561+0000] {local_task_job_runner.py:234} INFO - Task exited with return code 0
[2025-06-06T19:28:58.578+0000] {taskinstance.py:3280} INFO - 0 downstream tasks scheduled from follow-on schedule check
