[2025-06-06T18:49:34.566+0000] {logging_mixin.py:188} INFO - Changing /opt/***/logs/dag_id=etl_music_pipeline/run_id=manual__2025-06-06T18:49:33.246134+00:00/task_id=extract_grammy permission to 509
[2025-06-06T18:49:34.566+0000] {logging_mixin.py:188} INFO - Failed to change /opt/***/logs/dag_id=etl_music_pipeline/run_id=manual__2025-06-06T18:49:33.246134+00:00/task_id=extract_grammy permission to 509: [Errno 1] Operation not permitted: '/opt/***/logs/dag_id=etl_music_pipeline/run_id=manual__2025-06-06T18:49:33.246134+00:00/task_id=extract_grammy'
[2025-06-06T18:49:34.592+0000] {logging_mixin.py:188} INFO - Changing /opt/***/logs/dag_id=etl_music_pipeline/run_id=manual__2025-06-06T18:49:33.246134+00:00/task_id=extract_grammy permission to 509
[2025-06-06T18:49:34.593+0000] {logging_mixin.py:188} INFO - Failed to change /opt/***/logs/dag_id=etl_music_pipeline/run_id=manual__2025-06-06T18:49:33.246134+00:00/task_id=extract_grammy permission to 509: [Errno 1] Operation not permitted: '/opt/***/logs/dag_id=etl_music_pipeline/run_id=manual__2025-06-06T18:49:33.246134+00:00/task_id=extract_grammy'
[2025-06-06T18:49:34.625+0000] {taskinstance.py:1956} INFO - Dependencies all met for dep_context=non-requeueable deps ti=<TaskInstance: etl_music_pipeline.extract_grammy manual__2025-06-06T18:49:33.246134+00:00 [queued]>
[2025-06-06T18:49:34.630+0000] {taskinstance.py:1956} INFO - Dependencies all met for dep_context=requeueable deps ti=<TaskInstance: etl_music_pipeline.extract_grammy manual__2025-06-06T18:49:33.246134+00:00 [queued]>
[2025-06-06T18:49:34.631+0000] {taskinstance.py:2170} INFO - Starting attempt 1 of 2
[2025-06-06T18:49:34.640+0000] {taskinstance.py:2191} INFO - Executing <Task(PythonOperator): extract_grammy> on 2025-06-06 18:49:33.246134+00:00
[2025-06-06T18:49:34.644+0000] {standard_task_runner.py:60} INFO - Started process 1023 to run task
[2025-06-06T18:49:34.649+0000] {standard_task_runner.py:87} INFO - Running: ['***', 'tasks', 'run', 'etl_music_pipeline', 'extract_grammy', 'manual__2025-06-06T18:49:33.246134+00:00', '--job-id', '3', '--raw', '--subdir', 'DAGS_FOLDER/etl_pipeline.py', '--cfg-path', '/tmp/tmpr3gtpm36']
[2025-06-06T18:49:34.651+0000] {standard_task_runner.py:88} INFO - Job 3: Subtask extract_grammy
[2025-06-06T18:49:34.686+0000] {logging_mixin.py:188} INFO - Changing /opt/***/logs/dag_id=etl_music_pipeline/run_id=manual__2025-06-06T18:49:33.246134+00:00/task_id=extract_grammy permission to 509
[2025-06-06T18:49:34.686+0000] {logging_mixin.py:188} INFO - Failed to change /opt/***/logs/dag_id=etl_music_pipeline/run_id=manual__2025-06-06T18:49:33.246134+00:00/task_id=extract_grammy permission to 509: [Errno 1] Operation not permitted: '/opt/***/logs/dag_id=etl_music_pipeline/run_id=manual__2025-06-06T18:49:33.246134+00:00/task_id=extract_grammy'
[2025-06-06T18:49:34.687+0000] {task_command.py:423} INFO - Running <TaskInstance: etl_music_pipeline.extract_grammy manual__2025-06-06T18:49:33.246134+00:00 [running]> on host 3dc3cd419f05
[2025-06-06T18:49:34.747+0000] {taskinstance.py:2480} INFO - Exporting env vars: AIRFLOW_CTX_DAG_OWNER='***' AIRFLOW_CTX_DAG_ID='etl_music_pipeline' AIRFLOW_CTX_TASK_ID='extract_grammy' AIRFLOW_CTX_EXECUTION_DATE='2025-06-06T18:49:33.246134+00:00' AIRFLOW_CTX_TRY_NUMBER='1' AIRFLOW_CTX_DAG_RUN_ID='manual__2025-06-06T18:49:33.246134+00:00'
[2025-06-06T18:49:34.748+0000] {etl_pipeline.py:25} INFO - [START] Task: extract_grammy
[2025-06-06T18:49:34.962+0000] {logging_mixin.py:188} INFO -  Extraído: the_grammy_awards_clean.csv
[2025-06-06T18:49:34.964+0000] {etl_pipeline.py:27} INFO - [END] Task: extract_grammy
[2025-06-06T18:49:34.965+0000] {python.py:201} INFO - Done. Returned value was: None
[2025-06-06T18:49:34.972+0000] {taskinstance.py:1138} INFO - Marking task as SUCCESS. dag_id=etl_music_pipeline, task_id=extract_grammy, execution_date=20250606T184933, start_date=20250606T184934, end_date=20250606T184934
[2025-06-06T18:49:35.019+0000] {local_task_job_runner.py:234} INFO - Task exited with return code 0
[2025-06-06T18:49:35.038+0000] {taskinstance.py:3280} INFO - 1 downstream tasks scheduled from follow-on schedule check
