[2025-06-06T18:49:49.327+0000] {logging_mixin.py:188} INFO - Changing /opt/***/logs/dag_id=etl_music_pipeline/run_id=manual__2025-06-06T18:49:44.518448+00:00/task_id=extract_spotify permission to 509
[2025-06-06T18:49:49.327+0000] {logging_mixin.py:188} INFO - Failed to change /opt/***/logs/dag_id=etl_music_pipeline/run_id=manual__2025-06-06T18:49:44.518448+00:00/task_id=extract_spotify permission to 509: [Errno 1] Operation not permitted: '/opt/***/logs/dag_id=etl_music_pipeline/run_id=manual__2025-06-06T18:49:44.518448+00:00/task_id=extract_spotify'
[2025-06-06T18:49:49.352+0000] {logging_mixin.py:188} INFO - Changing /opt/***/logs/dag_id=etl_music_pipeline/run_id=manual__2025-06-06T18:49:44.518448+00:00/task_id=extract_spotify permission to 509
[2025-06-06T18:49:49.353+0000] {logging_mixin.py:188} INFO - Failed to change /opt/***/logs/dag_id=etl_music_pipeline/run_id=manual__2025-06-06T18:49:44.518448+00:00/task_id=extract_spotify permission to 509: [Errno 1] Operation not permitted: '/opt/***/logs/dag_id=etl_music_pipeline/run_id=manual__2025-06-06T18:49:44.518448+00:00/task_id=extract_spotify'
[2025-06-06T18:49:49.384+0000] {taskinstance.py:1956} INFO - Dependencies all met for dep_context=non-requeueable deps ti=<TaskInstance: etl_music_pipeline.extract_spotify manual__2025-06-06T18:49:44.518448+00:00 [queued]>
[2025-06-06T18:49:49.390+0000] {taskinstance.py:1956} INFO - Dependencies all met for dep_context=requeueable deps ti=<TaskInstance: etl_music_pipeline.extract_spotify manual__2025-06-06T18:49:44.518448+00:00 [queued]>
[2025-06-06T18:49:49.391+0000] {taskinstance.py:2170} INFO - Starting attempt 1 of 2
[2025-06-06T18:49:49.403+0000] {taskinstance.py:2191} INFO - Executing <Task(PythonOperator): extract_spotify> on 2025-06-06 18:49:44.518448+00:00
[2025-06-06T18:49:49.408+0000] {standard_task_runner.py:60} INFO - Started process 1253 to run task
[2025-06-06T18:49:49.410+0000] {standard_task_runner.py:87} INFO - Running: ['***', 'tasks', 'run', 'etl_music_pipeline', 'extract_spotify', 'manual__2025-06-06T18:49:44.518448+00:00', '--job-id', '25', '--raw', '--subdir', 'DAGS_FOLDER/etl_pipeline.py', '--cfg-path', '/tmp/tmpuw1tkk62']
[2025-06-06T18:49:49.412+0000] {standard_task_runner.py:88} INFO - Job 25: Subtask extract_spotify
[2025-06-06T18:49:49.450+0000] {logging_mixin.py:188} INFO - Changing /opt/***/logs/dag_id=etl_music_pipeline/run_id=manual__2025-06-06T18:49:44.518448+00:00/task_id=extract_spotify permission to 509
[2025-06-06T18:49:49.450+0000] {logging_mixin.py:188} INFO - Failed to change /opt/***/logs/dag_id=etl_music_pipeline/run_id=manual__2025-06-06T18:49:44.518448+00:00/task_id=extract_spotify permission to 509: [Errno 1] Operation not permitted: '/opt/***/logs/dag_id=etl_music_pipeline/run_id=manual__2025-06-06T18:49:44.518448+00:00/task_id=extract_spotify'
[2025-06-06T18:49:49.452+0000] {task_command.py:423} INFO - Running <TaskInstance: etl_music_pipeline.extract_spotify manual__2025-06-06T18:49:44.518448+00:00 [running]> on host 3dc3cd419f05
[2025-06-06T18:49:49.514+0000] {taskinstance.py:2480} INFO - Exporting env vars: AIRFLOW_CTX_DAG_OWNER='***' AIRFLOW_CTX_DAG_ID='etl_music_pipeline' AIRFLOW_CTX_TASK_ID='extract_spotify' AIRFLOW_CTX_EXECUTION_DATE='2025-06-06T18:49:44.518448+00:00' AIRFLOW_CTX_TRY_NUMBER='1' AIRFLOW_CTX_DAG_RUN_ID='manual__2025-06-06T18:49:44.518448+00:00'
[2025-06-06T18:49:49.515+0000] {etl_pipeline.py:25} INFO - [START] Task: extract_spotify
[2025-06-06T18:49:50.234+0000] {logging_mixin.py:188} INFO -  Extraído: spotify_dataset_clean.csv
[2025-06-06T18:49:50.237+0000] {etl_pipeline.py:27} INFO - [END] Task: extract_spotify
[2025-06-06T18:49:50.238+0000] {python.py:201} INFO - Done. Returned value was: None
[2025-06-06T18:49:50.248+0000] {taskinstance.py:1138} INFO - Marking task as SUCCESS. dag_id=etl_music_pipeline, task_id=extract_spotify, execution_date=20250606T184944, start_date=20250606T184949, end_date=20250606T184950
[2025-06-06T18:49:50.303+0000] {local_task_job_runner.py:234} INFO - Task exited with return code 0
[2025-06-06T18:49:50.329+0000] {taskinstance.py:3280} INFO - 1 downstream tasks scheduled from follow-on schedule check
