[2025-06-06T19:54:18.067+0000] {logging_mixin.py:188} INFO - Changing /opt/***/logs/dag_id=etl_music_pipeline/run_id=manual__2025-06-06T19:50:36.645778+00:00/task_id=merge_data permission to 509
[2025-06-06T19:54:18.068+0000] {logging_mixin.py:188} INFO - Failed to change /opt/***/logs/dag_id=etl_music_pipeline/run_id=manual__2025-06-06T19:50:36.645778+00:00/task_id=merge_data permission to 509: [Errno 1] Operation not permitted: '/opt/***/logs/dag_id=etl_music_pipeline/run_id=manual__2025-06-06T19:50:36.645778+00:00/task_id=merge_data'
[2025-06-06T19:54:18.087+0000] {logging_mixin.py:188} INFO - Changing /opt/***/logs/dag_id=etl_music_pipeline/run_id=manual__2025-06-06T19:50:36.645778+00:00/task_id=merge_data permission to 509
[2025-06-06T19:54:18.088+0000] {logging_mixin.py:188} INFO - Failed to change /opt/***/logs/dag_id=etl_music_pipeline/run_id=manual__2025-06-06T19:50:36.645778+00:00/task_id=merge_data permission to 509: [Errno 1] Operation not permitted: '/opt/***/logs/dag_id=etl_music_pipeline/run_id=manual__2025-06-06T19:50:36.645778+00:00/task_id=merge_data'
[2025-06-06T19:54:18.114+0000] {taskinstance.py:1956} INFO - Dependencies all met for dep_context=non-requeueable deps ti=<TaskInstance: etl_music_pipeline.merge_data manual__2025-06-06T19:50:36.645778+00:00 [queued]>
[2025-06-06T19:54:18.119+0000] {taskinstance.py:1956} INFO - Dependencies all met for dep_context=requeueable deps ti=<TaskInstance: etl_music_pipeline.merge_data manual__2025-06-06T19:50:36.645778+00:00 [queued]>
[2025-06-06T19:54:18.120+0000] {taskinstance.py:2170} INFO - Starting attempt 3 of 4
[2025-06-06T19:54:18.129+0000] {taskinstance.py:2191} INFO - Executing <Task(PythonOperator): merge_data> on 2025-06-06 19:50:36.645778+00:00
[2025-06-06T19:54:18.134+0000] {standard_task_runner.py:60} INFO - Started process 2973 to run task
[2025-06-06T19:54:18.136+0000] {standard_task_runner.py:87} INFO - Running: ['***', 'tasks', 'run', 'etl_music_pipeline', 'merge_data', 'manual__2025-06-06T19:50:36.645778+00:00', '--job-id', '115', '--raw', '--subdir', 'DAGS_FOLDER/etl_pipeline.py', '--cfg-path', '/tmp/tmptit5kjg6']
[2025-06-06T19:54:18.138+0000] {standard_task_runner.py:88} INFO - Job 115: Subtask merge_data
[2025-06-06T19:54:18.178+0000] {logging_mixin.py:188} INFO - Changing /opt/***/logs/dag_id=etl_music_pipeline/run_id=manual__2025-06-06T19:50:36.645778+00:00/task_id=merge_data permission to 509
[2025-06-06T19:54:18.179+0000] {logging_mixin.py:188} INFO - Failed to change /opt/***/logs/dag_id=etl_music_pipeline/run_id=manual__2025-06-06T19:50:36.645778+00:00/task_id=merge_data permission to 509: [Errno 1] Operation not permitted: '/opt/***/logs/dag_id=etl_music_pipeline/run_id=manual__2025-06-06T19:50:36.645778+00:00/task_id=merge_data'
[2025-06-06T19:54:18.180+0000] {task_command.py:423} INFO - Running <TaskInstance: etl_music_pipeline.merge_data manual__2025-06-06T19:50:36.645778+00:00 [running]> on host 3dc3cd419f05
[2025-06-06T19:54:18.245+0000] {taskinstance.py:2480} INFO - Exporting env vars: AIRFLOW_CTX_DAG_OWNER='***' AIRFLOW_CTX_DAG_ID='etl_music_pipeline' AIRFLOW_CTX_TASK_ID='merge_data' AIRFLOW_CTX_EXECUTION_DATE='2025-06-06T19:50:36.645778+00:00' AIRFLOW_CTX_TRY_NUMBER='3' AIRFLOW_CTX_DAG_RUN_ID='manual__2025-06-06T19:50:36.645778+00:00'
[2025-06-06T19:54:18.246+0000] {etl_pipeline.py:25} INFO - [START] Task: merge_data
[2025-06-06T19:54:19.341+0000] {logging_mixin.py:188} INFO - Dataset combinado guardado en: /opt/***/data/final/merged_music_data.csv
[2025-06-06T19:54:19.342+0000] {etl_pipeline.py:27} INFO - [END] Task: merge_data
[2025-06-06T19:54:19.343+0000] {python.py:201} INFO - Done. Returned value was: None
[2025-06-06T19:54:19.351+0000] {taskinstance.py:1138} INFO - Marking task as SUCCESS. dag_id=etl_music_pipeline, task_id=merge_data, execution_date=20250606T195036, start_date=20250606T195418, end_date=20250606T195419
[2025-06-06T19:54:19.390+0000] {local_task_job_runner.py:234} INFO - Task exited with return code 0
[2025-06-06T19:54:19.409+0000] {taskinstance.py:3280} INFO - 1 downstream tasks scheduled from follow-on schedule check
