[2025-06-06T19:54:23.028+0000] {logging_mixin.py:188} INFO - Changing /opt/***/logs/dag_id=etl_music_pipeline/run_id=manual__2025-06-06T19:50:36.645778+00:00/task_id=merge_data permission to 509
[2025-06-06T19:54:23.028+0000] {logging_mixin.py:188} INFO - Failed to change /opt/***/logs/dag_id=etl_music_pipeline/run_id=manual__2025-06-06T19:50:36.645778+00:00/task_id=merge_data permission to 509: [Errno 1] Operation not permitted: '/opt/***/logs/dag_id=etl_music_pipeline/run_id=manual__2025-06-06T19:50:36.645778+00:00/task_id=merge_data'
[2025-06-06T19:54:23.046+0000] {logging_mixin.py:188} INFO - Changing /opt/***/logs/dag_id=etl_music_pipeline/run_id=manual__2025-06-06T19:50:36.645778+00:00/task_id=merge_data permission to 509
[2025-06-06T19:54:23.047+0000] {logging_mixin.py:188} INFO - Failed to change /opt/***/logs/dag_id=etl_music_pipeline/run_id=manual__2025-06-06T19:50:36.645778+00:00/task_id=merge_data permission to 509: [Errno 1] Operation not permitted: '/opt/***/logs/dag_id=etl_music_pipeline/run_id=manual__2025-06-06T19:50:36.645778+00:00/task_id=merge_data'
[2025-06-06T19:54:23.072+0000] {taskinstance.py:1956} INFO - Dependencies all met for dep_context=non-requeueable deps ti=<TaskInstance: etl_music_pipeline.merge_data manual__2025-06-06T19:50:36.645778+00:00 [queued]>
[2025-06-06T19:54:23.077+0000] {taskinstance.py:1956} INFO - Dependencies all met for dep_context=requeueable deps ti=<TaskInstance: etl_music_pipeline.merge_data manual__2025-06-06T19:50:36.645778+00:00 [queued]>
[2025-06-06T19:54:23.077+0000] {taskinstance.py:2170} INFO - Starting attempt 4 of 5
[2025-06-06T19:54:23.086+0000] {taskinstance.py:2191} INFO - Executing <Task(PythonOperator): merge_data> on 2025-06-06 19:50:36.645778+00:00
[2025-06-06T19:54:23.091+0000] {standard_task_runner.py:60} INFO - Started process 3019 to run task
[2025-06-06T19:54:23.093+0000] {standard_task_runner.py:87} INFO - Running: ['***', 'tasks', 'run', 'etl_music_pipeline', 'merge_data', 'manual__2025-06-06T19:50:36.645778+00:00', '--job-id', '118', '--raw', '--subdir', 'DAGS_FOLDER/etl_pipeline.py', '--cfg-path', '/tmp/tmpud5_tf9j']
[2025-06-06T19:54:23.094+0000] {standard_task_runner.py:88} INFO - Job 118: Subtask merge_data
[2025-06-06T19:54:23.126+0000] {logging_mixin.py:188} INFO - Changing /opt/***/logs/dag_id=etl_music_pipeline/run_id=manual__2025-06-06T19:50:36.645778+00:00/task_id=merge_data permission to 509
[2025-06-06T19:54:23.126+0000] {logging_mixin.py:188} INFO - Failed to change /opt/***/logs/dag_id=etl_music_pipeline/run_id=manual__2025-06-06T19:50:36.645778+00:00/task_id=merge_data permission to 509: [Errno 1] Operation not permitted: '/opt/***/logs/dag_id=etl_music_pipeline/run_id=manual__2025-06-06T19:50:36.645778+00:00/task_id=merge_data'
[2025-06-06T19:54:23.128+0000] {task_command.py:423} INFO - Running <TaskInstance: etl_music_pipeline.merge_data manual__2025-06-06T19:50:36.645778+00:00 [running]> on host 3dc3cd419f05
[2025-06-06T19:54:23.182+0000] {taskinstance.py:2480} INFO - Exporting env vars: AIRFLOW_CTX_DAG_OWNER='***' AIRFLOW_CTX_DAG_ID='etl_music_pipeline' AIRFLOW_CTX_TASK_ID='merge_data' AIRFLOW_CTX_EXECUTION_DATE='2025-06-06T19:50:36.645778+00:00' AIRFLOW_CTX_TRY_NUMBER='4' AIRFLOW_CTX_DAG_RUN_ID='manual__2025-06-06T19:50:36.645778+00:00'
[2025-06-06T19:54:23.183+0000] {etl_pipeline.py:25} INFO - [START] Task: merge_data
[2025-06-06T19:54:24.180+0000] {logging_mixin.py:188} INFO - Dataset combinado guardado en: /opt/***/data/final/merged_music_data.csv
[2025-06-06T19:54:24.182+0000] {etl_pipeline.py:27} INFO - [END] Task: merge_data
[2025-06-06T19:54:24.182+0000] {python.py:201} INFO - Done. Returned value was: None
[2025-06-06T19:54:24.191+0000] {taskinstance.py:1138} INFO - Marking task as SUCCESS. dag_id=etl_music_pipeline, task_id=merge_data, execution_date=20250606T195036, start_date=20250606T195423, end_date=20250606T195424
[2025-06-06T19:54:24.227+0000] {local_task_job_runner.py:234} INFO - Task exited with return code 0
[2025-06-06T19:54:24.245+0000] {taskinstance.py:3280} INFO - 1 downstream tasks scheduled from follow-on schedule check
