[2025-06-06T19:54:16.995+0000] {logging_mixin.py:188} INFO - Changing /opt/***/logs/dag_id=etl_music_pipeline/run_id=manual__2025-06-06T19:50:36.645778+00:00/task_id=transform_grammys permission to 509
[2025-06-06T19:54:16.995+0000] {logging_mixin.py:188} INFO - Failed to change /opt/***/logs/dag_id=etl_music_pipeline/run_id=manual__2025-06-06T19:50:36.645778+00:00/task_id=transform_grammys permission to 509: [Errno 1] Operation not permitted: '/opt/***/logs/dag_id=etl_music_pipeline/run_id=manual__2025-06-06T19:50:36.645778+00:00/task_id=transform_grammys'
[2025-06-06T19:54:17.019+0000] {logging_mixin.py:188} INFO - Changing /opt/***/logs/dag_id=etl_music_pipeline/run_id=manual__2025-06-06T19:50:36.645778+00:00/task_id=transform_grammys permission to 509
[2025-06-06T19:54:17.020+0000] {logging_mixin.py:188} INFO - Failed to change /opt/***/logs/dag_id=etl_music_pipeline/run_id=manual__2025-06-06T19:50:36.645778+00:00/task_id=transform_grammys permission to 509: [Errno 1] Operation not permitted: '/opt/***/logs/dag_id=etl_music_pipeline/run_id=manual__2025-06-06T19:50:36.645778+00:00/task_id=transform_grammys'
[2025-06-06T19:54:17.046+0000] {taskinstance.py:1956} INFO - Dependencies all met for dep_context=non-requeueable deps ti=<TaskInstance: etl_music_pipeline.transform_grammys manual__2025-06-06T19:50:36.645778+00:00 [queued]>
[2025-06-06T19:54:17.051+0000] {taskinstance.py:1956} INFO - Dependencies all met for dep_context=requeueable deps ti=<TaskInstance: etl_music_pipeline.transform_grammys manual__2025-06-06T19:50:36.645778+00:00 [queued]>
[2025-06-06T19:54:17.052+0000] {taskinstance.py:2170} INFO - Starting attempt 2 of 3
[2025-06-06T19:54:17.061+0000] {taskinstance.py:2191} INFO - Executing <Task(PythonOperator): transform_grammys> on 2025-06-06 19:50:36.645778+00:00
[2025-06-06T19:54:17.066+0000] {standard_task_runner.py:60} INFO - Started process 2947 to run task
[2025-06-06T19:54:17.068+0000] {standard_task_runner.py:87} INFO - Running: ['***', 'tasks', 'run', 'etl_music_pipeline', 'transform_grammys', 'manual__2025-06-06T19:50:36.645778+00:00', '--job-id', '114', '--raw', '--subdir', 'DAGS_FOLDER/etl_pipeline.py', '--cfg-path', '/tmp/tmp_6dy2vwx']
[2025-06-06T19:54:17.070+0000] {standard_task_runner.py:88} INFO - Job 114: Subtask transform_grammys
[2025-06-06T19:54:17.102+0000] {logging_mixin.py:188} INFO - Changing /opt/***/logs/dag_id=etl_music_pipeline/run_id=manual__2025-06-06T19:50:36.645778+00:00/task_id=transform_grammys permission to 509
[2025-06-06T19:54:17.102+0000] {logging_mixin.py:188} INFO - Failed to change /opt/***/logs/dag_id=etl_music_pipeline/run_id=manual__2025-06-06T19:50:36.645778+00:00/task_id=transform_grammys permission to 509: [Errno 1] Operation not permitted: '/opt/***/logs/dag_id=etl_music_pipeline/run_id=manual__2025-06-06T19:50:36.645778+00:00/task_id=transform_grammys'
[2025-06-06T19:54:17.104+0000] {task_command.py:423} INFO - Running <TaskInstance: etl_music_pipeline.transform_grammys manual__2025-06-06T19:50:36.645778+00:00 [running]> on host 3dc3cd419f05
[2025-06-06T19:54:17.157+0000] {taskinstance.py:2480} INFO - Exporting env vars: AIRFLOW_CTX_DAG_OWNER='***' AIRFLOW_CTX_DAG_ID='etl_music_pipeline' AIRFLOW_CTX_TASK_ID='transform_grammys' AIRFLOW_CTX_EXECUTION_DATE='2025-06-06T19:50:36.645778+00:00' AIRFLOW_CTX_TRY_NUMBER='2' AIRFLOW_CTX_DAG_RUN_ID='manual__2025-06-06T19:50:36.645778+00:00'
[2025-06-06T19:54:17.158+0000] {etl_pipeline.py:25} INFO - [START] Task: transform_grammys
[2025-06-06T19:54:17.332+0000] {logging_mixin.py:188} INFO - Grammys transformado.
[2025-06-06T19:54:17.333+0000] {etl_pipeline.py:27} INFO - [END] Task: transform_grammys
[2025-06-06T19:54:17.334+0000] {python.py:201} INFO - Done. Returned value was: None
[2025-06-06T19:54:17.342+0000] {taskinstance.py:1138} INFO - Marking task as SUCCESS. dag_id=etl_music_pipeline, task_id=transform_grammys, execution_date=20250606T195036, start_date=20250606T195417, end_date=20250606T195417
[2025-06-06T19:54:17.361+0000] {local_task_job_runner.py:234} INFO - Task exited with return code 0
[2025-06-06T19:54:17.381+0000] {taskinstance.py:3280} INFO - 1 downstream tasks scheduled from follow-on schedule check
