[2025-06-06T19:29:04.280+0000] {logging_mixin.py:188} INFO - Changing /opt/***/logs/dag_id=etl_music_pipeline/run_id=manual__2025-06-06T19:28:56.079507+00:00/task_id=merge_data permission to 509
[2025-06-06T19:29:04.280+0000] {logging_mixin.py:188} INFO - Failed to change /opt/***/logs/dag_id=etl_music_pipeline/run_id=manual__2025-06-06T19:28:56.079507+00:00/task_id=merge_data permission to 509: [Errno 1] Operation not permitted: '/opt/***/logs/dag_id=etl_music_pipeline/run_id=manual__2025-06-06T19:28:56.079507+00:00/task_id=merge_data'
[2025-06-06T19:29:04.298+0000] {logging_mixin.py:188} INFO - Changing /opt/***/logs/dag_id=etl_music_pipeline/run_id=manual__2025-06-06T19:28:56.079507+00:00/task_id=merge_data permission to 509
[2025-06-06T19:29:04.299+0000] {logging_mixin.py:188} INFO - Failed to change /opt/***/logs/dag_id=etl_music_pipeline/run_id=manual__2025-06-06T19:28:56.079507+00:00/task_id=merge_data permission to 509: [Errno 1] Operation not permitted: '/opt/***/logs/dag_id=etl_music_pipeline/run_id=manual__2025-06-06T19:28:56.079507+00:00/task_id=merge_data'
[2025-06-06T19:29:04.326+0000] {taskinstance.py:1956} INFO - Dependencies all met for dep_context=non-requeueable deps ti=<TaskInstance: etl_music_pipeline.merge_data manual__2025-06-06T19:28:56.079507+00:00 [queued]>
[2025-06-06T19:29:04.332+0000] {taskinstance.py:1956} INFO - Dependencies all met for dep_context=requeueable deps ti=<TaskInstance: etl_music_pipeline.merge_data manual__2025-06-06T19:28:56.079507+00:00 [queued]>
[2025-06-06T19:29:04.332+0000] {taskinstance.py:2170} INFO - Starting attempt 1 of 2
[2025-06-06T19:29:04.342+0000] {taskinstance.py:2191} INFO - Executing <Task(PythonOperator): merge_data> on 2025-06-06 19:28:56.079507+00:00
[2025-06-06T19:29:04.347+0000] {standard_task_runner.py:60} INFO - Started process 2285 to run task
[2025-06-06T19:29:04.349+0000] {standard_task_runner.py:87} INFO - Running: ['***', 'tasks', 'run', 'etl_music_pipeline', 'merge_data', 'manual__2025-06-06T19:28:56.079507+00:00', '--job-id', '89', '--raw', '--subdir', 'DAGS_FOLDER/etl_pipeline.py', '--cfg-path', '/tmp/tmp838d8i1c']
[2025-06-06T19:29:04.350+0000] {standard_task_runner.py:88} INFO - Job 89: Subtask merge_data
[2025-06-06T19:29:04.383+0000] {logging_mixin.py:188} INFO - Changing /opt/***/logs/dag_id=etl_music_pipeline/run_id=manual__2025-06-06T19:28:56.079507+00:00/task_id=merge_data permission to 509
[2025-06-06T19:29:04.383+0000] {logging_mixin.py:188} INFO - Failed to change /opt/***/logs/dag_id=etl_music_pipeline/run_id=manual__2025-06-06T19:28:56.079507+00:00/task_id=merge_data permission to 509: [Errno 1] Operation not permitted: '/opt/***/logs/dag_id=etl_music_pipeline/run_id=manual__2025-06-06T19:28:56.079507+00:00/task_id=merge_data'
[2025-06-06T19:29:04.384+0000] {task_command.py:423} INFO - Running <TaskInstance: etl_music_pipeline.merge_data manual__2025-06-06T19:28:56.079507+00:00 [running]> on host 3dc3cd419f05
[2025-06-06T19:29:04.439+0000] {taskinstance.py:2480} INFO - Exporting env vars: AIRFLOW_CTX_DAG_OWNER='***' AIRFLOW_CTX_DAG_ID='etl_music_pipeline' AIRFLOW_CTX_TASK_ID='merge_data' AIRFLOW_CTX_EXECUTION_DATE='2025-06-06T19:28:56.079507+00:00' AIRFLOW_CTX_TRY_NUMBER='1' AIRFLOW_CTX_DAG_RUN_ID='manual__2025-06-06T19:28:56.079507+00:00'
[2025-06-06T19:29:04.440+0000] {etl_pipeline.py:25} INFO - [START] Task: merge_data
[2025-06-06T19:29:04.474+0000] {taskinstance.py:2698} ERROR - Task failed with exception
Traceback (most recent call last):
  File "/home/airflow/.local/lib/python3.10/site-packages/airflow/models/taskinstance.py", line 433, in _execute_task
    result = execute_callable(context=context, **execute_callable_kwargs)
  File "/home/airflow/.local/lib/python3.10/site-packages/airflow/operators/python.py", line 199, in execute
    return_value = self.execute_callable()
  File "/home/airflow/.local/lib/python3.10/site-packages/airflow/operators/python.py", line 216, in execute_callable
    return self.python_callable(*self.op_args, **self.op_kwargs)
  File "/opt/airflow/dags/etl_pipeline.py", line 26, in wrapper
    result = func(*args, **kwargs)
  File "/opt/airflow/dags/etl_pipeline.py", line 33, in wrapper
    func(*args, **kwargs)
  File "/opt/airflow/src/merge_data/merge.py", line 22, in merge_all_data
    df_spotify = pl.read_csv(f"{DATA_PROCESSED}/spotify_transformed.csv")
  File "/home/airflow/.local/lib/python3.10/site-packages/polars/_utils/deprecation.py", line 128, in wrapper
    return function(*args, **kwargs)
  File "/home/airflow/.local/lib/python3.10/site-packages/polars/_utils/deprecation.py", line 128, in wrapper
    return function(*args, **kwargs)
  File "/home/airflow/.local/lib/python3.10/site-packages/polars/_utils/deprecation.py", line 128, in wrapper
    return function(*args, **kwargs)
  File "/home/airflow/.local/lib/python3.10/site-packages/polars/io/csv/functions.py", line 546, in read_csv
    df = _read_csv_impl(
  File "/home/airflow/.local/lib/python3.10/site-packages/polars/io/csv/functions.py", line 694, in _read_csv_impl
    pydf = PyDataFrame.read_csv(
FileNotFoundError: No such file or directory (os error 2): /opt/***/dags/data/processed/spotify_transformed.csv
[2025-06-06T19:29:04.487+0000] {taskinstance.py:1138} INFO - Marking task as UP_FOR_RETRY. dag_id=etl_music_pipeline, task_id=merge_data, execution_date=20250606T192856, start_date=20250606T192904, end_date=20250606T192904
[2025-06-06T19:29:04.494+0000] {standard_task_runner.py:107} ERROR - Failed to execute job 89 for task merge_data (No such file or directory (os error 2): /opt/***/dags/data/processed/spotify_transformed.csv; 2285)
[2025-06-06T19:29:04.520+0000] {local_task_job_runner.py:234} INFO - Task exited with return code 1
[2025-06-06T19:29:04.537+0000] {taskinstance.py:3280} INFO - 0 downstream tasks scheduled from follow-on schedule check
