[2025-06-06T19:54:08.805+0000] {logging_mixin.py:188} INFO - Changing /opt/***/logs/dag_id=etl_music_pipeline/run_id=manual__2025-06-06T19:50:36.645778+00:00/task_id=transform_spotify permission to 509
[2025-06-06T19:54:08.805+0000] {logging_mixin.py:188} INFO - Failed to change /opt/***/logs/dag_id=etl_music_pipeline/run_id=manual__2025-06-06T19:50:36.645778+00:00/task_id=transform_spotify permission to 509: [Errno 1] Operation not permitted: '/opt/***/logs/dag_id=etl_music_pipeline/run_id=manual__2025-06-06T19:50:36.645778+00:00/task_id=transform_spotify'
[2025-06-06T19:54:08.826+0000] {logging_mixin.py:188} INFO - Changing /opt/***/logs/dag_id=etl_music_pipeline/run_id=manual__2025-06-06T19:50:36.645778+00:00/task_id=transform_spotify permission to 509
[2025-06-06T19:54:08.826+0000] {logging_mixin.py:188} INFO - Failed to change /opt/***/logs/dag_id=etl_music_pipeline/run_id=manual__2025-06-06T19:50:36.645778+00:00/task_id=transform_spotify permission to 509: [Errno 1] Operation not permitted: '/opt/***/logs/dag_id=etl_music_pipeline/run_id=manual__2025-06-06T19:50:36.645778+00:00/task_id=transform_spotify'
[2025-06-06T19:54:08.859+0000] {taskinstance.py:1956} INFO - Dependencies all met for dep_context=non-requeueable deps ti=<TaskInstance: etl_music_pipeline.transform_spotify manual__2025-06-06T19:50:36.645778+00:00 [queued]>
[2025-06-06T19:54:08.865+0000] {taskinstance.py:1956} INFO - Dependencies all met for dep_context=requeueable deps ti=<TaskInstance: etl_music_pipeline.transform_spotify manual__2025-06-06T19:50:36.645778+00:00 [queued]>
[2025-06-06T19:54:08.865+0000] {taskinstance.py:2170} INFO - Starting attempt 2 of 3
[2025-06-06T19:54:08.874+0000] {taskinstance.py:2191} INFO - Executing <Task(PythonOperator): transform_spotify> on 2025-06-06 19:50:36.645778+00:00
[2025-06-06T19:54:08.879+0000] {standard_task_runner.py:60} INFO - Started process 2905 to run task
[2025-06-06T19:54:08.881+0000] {standard_task_runner.py:87} INFO - Running: ['***', 'tasks', 'run', 'etl_music_pipeline', 'transform_spotify', 'manual__2025-06-06T19:50:36.645778+00:00', '--job-id', '112', '--raw', '--subdir', 'DAGS_FOLDER/etl_pipeline.py', '--cfg-path', '/tmp/tmpfle4bmks']
[2025-06-06T19:54:08.883+0000] {standard_task_runner.py:88} INFO - Job 112: Subtask transform_spotify
[2025-06-06T19:54:08.924+0000] {logging_mixin.py:188} INFO - Changing /opt/***/logs/dag_id=etl_music_pipeline/run_id=manual__2025-06-06T19:50:36.645778+00:00/task_id=transform_spotify permission to 509
[2025-06-06T19:54:08.924+0000] {logging_mixin.py:188} INFO - Failed to change /opt/***/logs/dag_id=etl_music_pipeline/run_id=manual__2025-06-06T19:50:36.645778+00:00/task_id=transform_spotify permission to 509: [Errno 1] Operation not permitted: '/opt/***/logs/dag_id=etl_music_pipeline/run_id=manual__2025-06-06T19:50:36.645778+00:00/task_id=transform_spotify'
[2025-06-06T19:54:08.925+0000] {task_command.py:423} INFO - Running <TaskInstance: etl_music_pipeline.transform_spotify manual__2025-06-06T19:50:36.645778+00:00 [running]> on host 3dc3cd419f05
[2025-06-06T19:54:08.986+0000] {taskinstance.py:2480} INFO - Exporting env vars: AIRFLOW_CTX_DAG_OWNER='***' AIRFLOW_CTX_DAG_ID='etl_music_pipeline' AIRFLOW_CTX_TASK_ID='transform_spotify' AIRFLOW_CTX_EXECUTION_DATE='2025-06-06T19:50:36.645778+00:00' AIRFLOW_CTX_TRY_NUMBER='2' AIRFLOW_CTX_DAG_RUN_ID='manual__2025-06-06T19:50:36.645778+00:00'
[2025-06-06T19:54:08.987+0000] {etl_pipeline.py:25} INFO - [START] Task: transform_spotify
[2025-06-06T19:54:10.256+0000] {logging_mixin.py:188} INFO - Spotify transformado.
[2025-06-06T19:54:10.257+0000] {etl_pipeline.py:27} INFO - [END] Task: transform_spotify
[2025-06-06T19:54:10.257+0000] {python.py:201} INFO - Done. Returned value was: None
[2025-06-06T19:54:10.266+0000] {taskinstance.py:1138} INFO - Marking task as SUCCESS. dag_id=etl_music_pipeline, task_id=transform_spotify, execution_date=20250606T195036, start_date=20250606T195408, end_date=20250606T195410
[2025-06-06T19:54:10.297+0000] {local_task_job_runner.py:234} INFO - Task exited with return code 0
[2025-06-06T19:54:10.317+0000] {taskinstance.py:3280} INFO - 1 downstream tasks scheduled from follow-on schedule check
