[2025-06-06T19:50:40.181+0000] {logging_mixin.py:188} INFO - Changing /opt/***/logs/dag_id=etl_music_pipeline/run_id=manual__2025-06-06T19:50:36.645778+00:00/task_id=transform_spotify permission to 509
[2025-06-06T19:50:40.181+0000] {logging_mixin.py:188} INFO - Failed to change /opt/***/logs/dag_id=etl_music_pipeline/run_id=manual__2025-06-06T19:50:36.645778+00:00/task_id=transform_spotify permission to 509: [Errno 1] Operation not permitted: '/opt/***/logs/dag_id=etl_music_pipeline/run_id=manual__2025-06-06T19:50:36.645778+00:00/task_id=transform_spotify'
[2025-06-06T19:50:40.201+0000] {logging_mixin.py:188} INFO - Changing /opt/***/logs/dag_id=etl_music_pipeline/run_id=manual__2025-06-06T19:50:36.645778+00:00/task_id=transform_spotify permission to 509
[2025-06-06T19:50:40.201+0000] {logging_mixin.py:188} INFO - Failed to change /opt/***/logs/dag_id=etl_music_pipeline/run_id=manual__2025-06-06T19:50:36.645778+00:00/task_id=transform_spotify permission to 509: [Errno 1] Operation not permitted: '/opt/***/logs/dag_id=etl_music_pipeline/run_id=manual__2025-06-06T19:50:36.645778+00:00/task_id=transform_spotify'
[2025-06-06T19:50:40.227+0000] {taskinstance.py:1956} INFO - Dependencies all met for dep_context=non-requeueable deps ti=<TaskInstance: etl_music_pipeline.transform_spotify manual__2025-06-06T19:50:36.645778+00:00 [queued]>
[2025-06-06T19:50:40.232+0000] {taskinstance.py:1956} INFO - Dependencies all met for dep_context=requeueable deps ti=<TaskInstance: etl_music_pipeline.transform_spotify manual__2025-06-06T19:50:36.645778+00:00 [queued]>
[2025-06-06T19:50:40.233+0000] {taskinstance.py:2170} INFO - Starting attempt 1 of 2
[2025-06-06T19:50:40.243+0000] {taskinstance.py:2191} INFO - Executing <Task(PythonOperator): transform_spotify> on 2025-06-06 19:50:36.645778+00:00
[2025-06-06T19:50:40.248+0000] {standard_task_runner.py:60} INFO - Started process 2831 to run task
[2025-06-06T19:50:40.250+0000] {standard_task_runner.py:87} INFO - Running: ['***', 'tasks', 'run', 'etl_music_pipeline', 'transform_spotify', 'manual__2025-06-06T19:50:36.645778+00:00', '--job-id', '110', '--raw', '--subdir', 'DAGS_FOLDER/etl_pipeline.py', '--cfg-path', '/tmp/tmpl0wqgwlq']
[2025-06-06T19:50:40.252+0000] {standard_task_runner.py:88} INFO - Job 110: Subtask transform_spotify
[2025-06-06T19:50:40.289+0000] {logging_mixin.py:188} INFO - Changing /opt/***/logs/dag_id=etl_music_pipeline/run_id=manual__2025-06-06T19:50:36.645778+00:00/task_id=transform_spotify permission to 509
[2025-06-06T19:50:40.289+0000] {logging_mixin.py:188} INFO - Failed to change /opt/***/logs/dag_id=etl_music_pipeline/run_id=manual__2025-06-06T19:50:36.645778+00:00/task_id=transform_spotify permission to 509: [Errno 1] Operation not permitted: '/opt/***/logs/dag_id=etl_music_pipeline/run_id=manual__2025-06-06T19:50:36.645778+00:00/task_id=transform_spotify'
[2025-06-06T19:50:40.291+0000] {task_command.py:423} INFO - Running <TaskInstance: etl_music_pipeline.transform_spotify manual__2025-06-06T19:50:36.645778+00:00 [running]> on host 3dc3cd419f05
[2025-06-06T19:50:40.354+0000] {taskinstance.py:2480} INFO - Exporting env vars: AIRFLOW_CTX_DAG_OWNER='***' AIRFLOW_CTX_DAG_ID='etl_music_pipeline' AIRFLOW_CTX_TASK_ID='transform_spotify' AIRFLOW_CTX_EXECUTION_DATE='2025-06-06T19:50:36.645778+00:00' AIRFLOW_CTX_TRY_NUMBER='1' AIRFLOW_CTX_DAG_RUN_ID='manual__2025-06-06T19:50:36.645778+00:00'
[2025-06-06T19:50:40.355+0000] {etl_pipeline.py:25} INFO - [START] Task: transform_spotify
[2025-06-06T19:50:44.594+0000] {logging_mixin.py:188} INFO - Spotify transformado.
[2025-06-06T19:50:44.595+0000] {etl_pipeline.py:27} INFO - [END] Task: transform_spotify
[2025-06-06T19:50:44.595+0000] {python.py:201} INFO - Done. Returned value was: None
[2025-06-06T19:50:44.605+0000] {taskinstance.py:1138} INFO - Marking task as SUCCESS. dag_id=etl_music_pipeline, task_id=transform_spotify, execution_date=20250606T195036, start_date=20250606T195040, end_date=20250606T195044
[2025-06-06T19:50:44.631+0000] {local_task_job_runner.py:234} INFO - Task exited with return code 0
[2025-06-06T19:50:44.654+0000] {taskinstance.py:3280} INFO - 1 downstream tasks scheduled from follow-on schedule check
