[2025-06-06T19:29:02.174+0000] {logging_mixin.py:188} INFO - Changing /opt/***/logs/dag_id=etl_music_pipeline/run_id=manual__2025-06-06T19:28:56.079507+00:00/task_id=transform_grammys permission to 509
[2025-06-06T19:29:02.175+0000] {logging_mixin.py:188} INFO - Failed to change /opt/***/logs/dag_id=etl_music_pipeline/run_id=manual__2025-06-06T19:28:56.079507+00:00/task_id=transform_grammys permission to 509: [Errno 1] Operation not permitted: '/opt/***/logs/dag_id=etl_music_pipeline/run_id=manual__2025-06-06T19:28:56.079507+00:00/task_id=transform_grammys'
[2025-06-06T19:29:02.194+0000] {logging_mixin.py:188} INFO - Changing /opt/***/logs/dag_id=etl_music_pipeline/run_id=manual__2025-06-06T19:28:56.079507+00:00/task_id=transform_grammys permission to 509
[2025-06-06T19:29:02.195+0000] {logging_mixin.py:188} INFO - Failed to change /opt/***/logs/dag_id=etl_music_pipeline/run_id=manual__2025-06-06T19:28:56.079507+00:00/task_id=transform_grammys permission to 509: [Errno 1] Operation not permitted: '/opt/***/logs/dag_id=etl_music_pipeline/run_id=manual__2025-06-06T19:28:56.079507+00:00/task_id=transform_grammys'
[2025-06-06T19:29:02.224+0000] {taskinstance.py:1956} INFO - Dependencies all met for dep_context=non-requeueable deps ti=<TaskInstance: etl_music_pipeline.transform_grammys manual__2025-06-06T19:28:56.079507+00:00 [queued]>
[2025-06-06T19:29:02.231+0000] {taskinstance.py:1956} INFO - Dependencies all met for dep_context=requeueable deps ti=<TaskInstance: etl_music_pipeline.transform_grammys manual__2025-06-06T19:28:56.079507+00:00 [queued]>
[2025-06-06T19:29:02.232+0000] {taskinstance.py:2170} INFO - Starting attempt 1 of 2
[2025-06-06T19:29:02.242+0000] {taskinstance.py:2191} INFO - Executing <Task(PythonOperator): transform_grammys> on 2025-06-06 19:28:56.079507+00:00
[2025-06-06T19:29:02.247+0000] {standard_task_runner.py:60} INFO - Started process 2246 to run task
[2025-06-06T19:29:02.249+0000] {standard_task_runner.py:87} INFO - Running: ['***', 'tasks', 'run', 'etl_music_pipeline', 'transform_grammys', 'manual__2025-06-06T19:28:56.079507+00:00', '--job-id', '87', '--raw', '--subdir', 'DAGS_FOLDER/etl_pipeline.py', '--cfg-path', '/tmp/tmpoj2i9i9f']
[2025-06-06T19:29:02.251+0000] {standard_task_runner.py:88} INFO - Job 87: Subtask transform_grammys
[2025-06-06T19:29:02.287+0000] {logging_mixin.py:188} INFO - Changing /opt/***/logs/dag_id=etl_music_pipeline/run_id=manual__2025-06-06T19:28:56.079507+00:00/task_id=transform_grammys permission to 509
[2025-06-06T19:29:02.287+0000] {logging_mixin.py:188} INFO - Failed to change /opt/***/logs/dag_id=etl_music_pipeline/run_id=manual__2025-06-06T19:28:56.079507+00:00/task_id=transform_grammys permission to 509: [Errno 1] Operation not permitted: '/opt/***/logs/dag_id=etl_music_pipeline/run_id=manual__2025-06-06T19:28:56.079507+00:00/task_id=transform_grammys'
[2025-06-06T19:29:02.288+0000] {task_command.py:423} INFO - Running <TaskInstance: etl_music_pipeline.transform_grammys manual__2025-06-06T19:28:56.079507+00:00 [running]> on host 3dc3cd419f05
[2025-06-06T19:29:02.342+0000] {taskinstance.py:2480} INFO - Exporting env vars: AIRFLOW_CTX_DAG_OWNER='***' AIRFLOW_CTX_DAG_ID='etl_music_pipeline' AIRFLOW_CTX_TASK_ID='transform_grammys' AIRFLOW_CTX_EXECUTION_DATE='2025-06-06T19:28:56.079507+00:00' AIRFLOW_CTX_TRY_NUMBER='1' AIRFLOW_CTX_DAG_RUN_ID='manual__2025-06-06T19:28:56.079507+00:00'
[2025-06-06T19:29:02.343+0000] {etl_pipeline.py:25} INFO - [START] Task: transform_grammys
[2025-06-06T19:29:02.491+0000] {logging_mixin.py:188} INFO - Grammys transformado.
[2025-06-06T19:29:02.492+0000] {etl_pipeline.py:27} INFO - [END] Task: transform_grammys
[2025-06-06T19:29:02.492+0000] {python.py:201} INFO - Done. Returned value was: None
[2025-06-06T19:29:02.500+0000] {taskinstance.py:1138} INFO - Marking task as SUCCESS. dag_id=etl_music_pipeline, task_id=transform_grammys, execution_date=20250606T192856, start_date=20250606T192902, end_date=20250606T192902
[2025-06-06T19:29:02.542+0000] {local_task_job_runner.py:234} INFO - Task exited with return code 0
[2025-06-06T19:29:02.558+0000] {taskinstance.py:3280} INFO - 0 downstream tasks scheduled from follow-on schedule check
