[2025-06-06T19:44:01.883+0000] {logging_mixin.py:188} INFO - Changing /opt/***/logs/dag_id=etl_music_pipeline/run_id=manual__2025-06-06T19:28:56.079507+00:00/task_id=transform_grammys permission to 509
[2025-06-06T19:44:01.883+0000] {logging_mixin.py:188} INFO - Failed to change /opt/***/logs/dag_id=etl_music_pipeline/run_id=manual__2025-06-06T19:28:56.079507+00:00/task_id=transform_grammys permission to 509: [Errno 1] Operation not permitted: '/opt/***/logs/dag_id=etl_music_pipeline/run_id=manual__2025-06-06T19:28:56.079507+00:00/task_id=transform_grammys'
[2025-06-06T19:44:01.904+0000] {logging_mixin.py:188} INFO - Changing /opt/***/logs/dag_id=etl_music_pipeline/run_id=manual__2025-06-06T19:28:56.079507+00:00/task_id=transform_grammys permission to 509
[2025-06-06T19:44:01.905+0000] {logging_mixin.py:188} INFO - Failed to change /opt/***/logs/dag_id=etl_music_pipeline/run_id=manual__2025-06-06T19:28:56.079507+00:00/task_id=transform_grammys permission to 509: [Errno 1] Operation not permitted: '/opt/***/logs/dag_id=etl_music_pipeline/run_id=manual__2025-06-06T19:28:56.079507+00:00/task_id=transform_grammys'
[2025-06-06T19:44:01.932+0000] {taskinstance.py:1956} INFO - Dependencies all met for dep_context=non-requeueable deps ti=<TaskInstance: etl_music_pipeline.transform_grammys manual__2025-06-06T19:28:56.079507+00:00 [queued]>
[2025-06-06T19:44:01.938+0000] {taskinstance.py:1956} INFO - Dependencies all met for dep_context=requeueable deps ti=<TaskInstance: etl_music_pipeline.transform_grammys manual__2025-06-06T19:28:56.079507+00:00 [queued]>
[2025-06-06T19:44:01.939+0000] {taskinstance.py:2170} INFO - Starting attempt 2 of 3
[2025-06-06T19:44:01.948+0000] {taskinstance.py:2191} INFO - Executing <Task(PythonOperator): transform_grammys> on 2025-06-06 19:28:56.079507+00:00
[2025-06-06T19:44:01.954+0000] {standard_task_runner.py:60} INFO - Started process 2596 to run task
[2025-06-06T19:44:01.956+0000] {standard_task_runner.py:87} INFO - Running: ['***', 'tasks', 'run', 'etl_music_pipeline', 'transform_grammys', 'manual__2025-06-06T19:28:56.079507+00:00', '--job-id', '99', '--raw', '--subdir', 'DAGS_FOLDER/etl_pipeline.py', '--cfg-path', '/tmp/tmpu5lw5afc']
[2025-06-06T19:44:01.957+0000] {standard_task_runner.py:88} INFO - Job 99: Subtask transform_grammys
[2025-06-06T19:44:01.992+0000] {logging_mixin.py:188} INFO - Changing /opt/***/logs/dag_id=etl_music_pipeline/run_id=manual__2025-06-06T19:28:56.079507+00:00/task_id=transform_grammys permission to 509
[2025-06-06T19:44:01.992+0000] {logging_mixin.py:188} INFO - Failed to change /opt/***/logs/dag_id=etl_music_pipeline/run_id=manual__2025-06-06T19:28:56.079507+00:00/task_id=transform_grammys permission to 509: [Errno 1] Operation not permitted: '/opt/***/logs/dag_id=etl_music_pipeline/run_id=manual__2025-06-06T19:28:56.079507+00:00/task_id=transform_grammys'
[2025-06-06T19:44:01.993+0000] {task_command.py:423} INFO - Running <TaskInstance: etl_music_pipeline.transform_grammys manual__2025-06-06T19:28:56.079507+00:00 [running]> on host 3dc3cd419f05
[2025-06-06T19:44:02.052+0000] {taskinstance.py:2480} INFO - Exporting env vars: AIRFLOW_CTX_DAG_OWNER='***' AIRFLOW_CTX_DAG_ID='etl_music_pipeline' AIRFLOW_CTX_TASK_ID='transform_grammys' AIRFLOW_CTX_EXECUTION_DATE='2025-06-06T19:28:56.079507+00:00' AIRFLOW_CTX_TRY_NUMBER='2' AIRFLOW_CTX_DAG_RUN_ID='manual__2025-06-06T19:28:56.079507+00:00'
[2025-06-06T19:44:02.053+0000] {etl_pipeline.py:25} INFO - [START] Task: transform_grammys
[2025-06-06T19:44:02.197+0000] {logging_mixin.py:188} INFO - Grammys transformado.
[2025-06-06T19:44:02.197+0000] {etl_pipeline.py:27} INFO - [END] Task: transform_grammys
[2025-06-06T19:44:02.198+0000] {python.py:201} INFO - Done. Returned value was: None
[2025-06-06T19:44:02.206+0000] {taskinstance.py:1138} INFO - Marking task as SUCCESS. dag_id=etl_music_pipeline, task_id=transform_grammys, execution_date=20250606T192856, start_date=20250606T194401, end_date=20250606T194402
[2025-06-06T19:44:02.248+0000] {local_task_job_runner.py:234} INFO - Task exited with return code 0
[2025-06-06T19:44:02.267+0000] {taskinstance.py:3280} INFO - 1 downstream tasks scheduled from follow-on schedule check
