[2025-06-06T20:20:27.125+0000] {logging_mixin.py:188} INFO - Changing /opt/***/logs/dag_id=etl_music_pipeline/run_id=manual__2025-06-06T20:20:25.822064+00:00/task_id=extract_grammy permission to 509
[2025-06-06T20:20:27.125+0000] {logging_mixin.py:188} INFO - Failed to change /opt/***/logs/dag_id=etl_music_pipeline/run_id=manual__2025-06-06T20:20:25.822064+00:00/task_id=extract_grammy permission to 509: [Errno 1] Operation not permitted: '/opt/***/logs/dag_id=etl_music_pipeline/run_id=manual__2025-06-06T20:20:25.822064+00:00/task_id=extract_grammy'
[2025-06-06T20:20:27.151+0000] {logging_mixin.py:188} INFO - Changing /opt/***/logs/dag_id=etl_music_pipeline/run_id=manual__2025-06-06T20:20:25.822064+00:00/task_id=extract_grammy permission to 509
[2025-06-06T20:20:27.152+0000] {logging_mixin.py:188} INFO - Failed to change /opt/***/logs/dag_id=etl_music_pipeline/run_id=manual__2025-06-06T20:20:25.822064+00:00/task_id=extract_grammy permission to 509: [Errno 1] Operation not permitted: '/opt/***/logs/dag_id=etl_music_pipeline/run_id=manual__2025-06-06T20:20:25.822064+00:00/task_id=extract_grammy'
[2025-06-06T20:20:27.180+0000] {taskinstance.py:1956} INFO - Dependencies all met for dep_context=non-requeueable deps ti=<TaskInstance: etl_music_pipeline.extract_grammy manual__2025-06-06T20:20:25.822064+00:00 [queued]>
[2025-06-06T20:20:27.185+0000] {taskinstance.py:1956} INFO - Dependencies all met for dep_context=requeueable deps ti=<TaskInstance: etl_music_pipeline.extract_grammy manual__2025-06-06T20:20:25.822064+00:00 [queued]>
[2025-06-06T20:20:27.186+0000] {taskinstance.py:2170} INFO - Starting attempt 1 of 2
[2025-06-06T20:20:27.196+0000] {taskinstance.py:2191} INFO - Executing <Task(PythonOperator): extract_grammy> on 2025-06-06 20:20:25.822064+00:00
[2025-06-06T20:20:27.201+0000] {standard_task_runner.py:60} INFO - Started process 217 to run task
[2025-06-06T20:20:27.203+0000] {standard_task_runner.py:87} INFO - Running: ['***', 'tasks', 'run', 'etl_music_pipeline', 'extract_grammy', 'manual__2025-06-06T20:20:25.822064+00:00', '--job-id', '3', '--raw', '--subdir', 'DAGS_FOLDER/etl_pipeline.py', '--cfg-path', '/tmp/tmpq872jylm']
[2025-06-06T20:20:27.206+0000] {standard_task_runner.py:88} INFO - Job 3: Subtask extract_grammy
[2025-06-06T20:20:27.251+0000] {logging_mixin.py:188} INFO - Changing /opt/***/logs/dag_id=etl_music_pipeline/run_id=manual__2025-06-06T20:20:25.822064+00:00/task_id=extract_grammy permission to 509
[2025-06-06T20:20:27.251+0000] {logging_mixin.py:188} INFO - Failed to change /opt/***/logs/dag_id=etl_music_pipeline/run_id=manual__2025-06-06T20:20:25.822064+00:00/task_id=extract_grammy permission to 509: [Errno 1] Operation not permitted: '/opt/***/logs/dag_id=etl_music_pipeline/run_id=manual__2025-06-06T20:20:25.822064+00:00/task_id=extract_grammy'
[2025-06-06T20:20:27.253+0000] {task_command.py:423} INFO - Running <TaskInstance: etl_music_pipeline.extract_grammy manual__2025-06-06T20:20:25.822064+00:00 [running]> on host 2c7dc015a251
[2025-06-06T20:20:27.322+0000] {taskinstance.py:2480} INFO - Exporting env vars: AIRFLOW_CTX_DAG_OWNER='***' AIRFLOW_CTX_DAG_ID='etl_music_pipeline' AIRFLOW_CTX_TASK_ID='extract_grammy' AIRFLOW_CTX_EXECUTION_DATE='2025-06-06T20:20:25.822064+00:00' AIRFLOW_CTX_TRY_NUMBER='1' AIRFLOW_CTX_DAG_RUN_ID='manual__2025-06-06T20:20:25.822064+00:00'
[2025-06-06T20:20:27.323+0000] {etl_pipeline.py:25} INFO - [START] Task: extract_grammy
[2025-06-06T20:20:27.504+0000] {logging_mixin.py:188} INFO -  Extraído: the_grammy_awards_clean.csv
[2025-06-06T20:20:27.506+0000] {etl_pipeline.py:27} INFO - [END] Task: extract_grammy
[2025-06-06T20:20:27.506+0000] {python.py:201} INFO - Done. Returned value was: None
[2025-06-06T20:20:27.516+0000] {taskinstance.py:1138} INFO - Marking task as SUCCESS. dag_id=etl_music_pipeline, task_id=extract_grammy, execution_date=20250606T202025, start_date=20250606T202027, end_date=20250606T202027
[2025-06-06T20:20:27.536+0000] {local_task_job_runner.py:234} INFO - Task exited with return code 0
[2025-06-06T20:20:27.558+0000] {taskinstance.py:3280} INFO - 1 downstream tasks scheduled from follow-on schedule check
