[2025-06-06T20:20:29.377+0000] {logging_mixin.py:188} INFO - Changing /opt/***/logs/dag_id=etl_music_pipeline/run_id=manual__2025-06-06T20:20:25.822064+00:00/task_id=transform_grammys permission to 509
[2025-06-06T20:20:29.378+0000] {logging_mixin.py:188} INFO - Failed to change /opt/***/logs/dag_id=etl_music_pipeline/run_id=manual__2025-06-06T20:20:25.822064+00:00/task_id=transform_grammys permission to 509: [Errno 1] Operation not permitted: '/opt/***/logs/dag_id=etl_music_pipeline/run_id=manual__2025-06-06T20:20:25.822064+00:00/task_id=transform_grammys'
[2025-06-06T20:20:29.403+0000] {logging_mixin.py:188} INFO - Changing /opt/***/logs/dag_id=etl_music_pipeline/run_id=manual__2025-06-06T20:20:25.822064+00:00/task_id=transform_grammys permission to 509
[2025-06-06T20:20:29.403+0000] {logging_mixin.py:188} INFO - Failed to change /opt/***/logs/dag_id=etl_music_pipeline/run_id=manual__2025-06-06T20:20:25.822064+00:00/task_id=transform_grammys permission to 509: [Errno 1] Operation not permitted: '/opt/***/logs/dag_id=etl_music_pipeline/run_id=manual__2025-06-06T20:20:25.822064+00:00/task_id=transform_grammys'
[2025-06-06T20:20:29.437+0000] {taskinstance.py:1956} INFO - Dependencies all met for dep_context=non-requeueable deps ti=<TaskInstance: etl_music_pipeline.transform_grammys manual__2025-06-06T20:20:25.822064+00:00 [queued]>
[2025-06-06T20:20:29.444+0000] {taskinstance.py:1956} INFO - Dependencies all met for dep_context=requeueable deps ti=<TaskInstance: etl_music_pipeline.transform_grammys manual__2025-06-06T20:20:25.822064+00:00 [queued]>
[2025-06-06T20:20:29.444+0000] {taskinstance.py:2170} INFO - Starting attempt 1 of 2
[2025-06-06T20:20:29.455+0000] {taskinstance.py:2191} INFO - Executing <Task(PythonOperator): transform_grammys> on 2025-06-06 20:20:25.822064+00:00
[2025-06-06T20:20:29.461+0000] {standard_task_runner.py:60} INFO - Started process 279 to run task
[2025-06-06T20:20:29.463+0000] {standard_task_runner.py:87} INFO - Running: ['***', 'tasks', 'run', 'etl_music_pipeline', 'transform_grammys', 'manual__2025-06-06T20:20:25.822064+00:00', '--job-id', '7', '--raw', '--subdir', 'DAGS_FOLDER/etl_pipeline.py', '--cfg-path', '/tmp/tmp2ro7sglr']
[2025-06-06T20:20:29.465+0000] {standard_task_runner.py:88} INFO - Job 7: Subtask transform_grammys
[2025-06-06T20:20:29.505+0000] {logging_mixin.py:188} INFO - Changing /opt/***/logs/dag_id=etl_music_pipeline/run_id=manual__2025-06-06T20:20:25.822064+00:00/task_id=transform_grammys permission to 509
[2025-06-06T20:20:29.505+0000] {logging_mixin.py:188} INFO - Failed to change /opt/***/logs/dag_id=etl_music_pipeline/run_id=manual__2025-06-06T20:20:25.822064+00:00/task_id=transform_grammys permission to 509: [Errno 1] Operation not permitted: '/opt/***/logs/dag_id=etl_music_pipeline/run_id=manual__2025-06-06T20:20:25.822064+00:00/task_id=transform_grammys'
[2025-06-06T20:20:29.506+0000] {task_command.py:423} INFO - Running <TaskInstance: etl_music_pipeline.transform_grammys manual__2025-06-06T20:20:25.822064+00:00 [running]> on host 2c7dc015a251
[2025-06-06T20:20:29.569+0000] {taskinstance.py:2480} INFO - Exporting env vars: AIRFLOW_CTX_DAG_OWNER='***' AIRFLOW_CTX_DAG_ID='etl_music_pipeline' AIRFLOW_CTX_TASK_ID='transform_grammys' AIRFLOW_CTX_EXECUTION_DATE='2025-06-06T20:20:25.822064+00:00' AIRFLOW_CTX_TRY_NUMBER='1' AIRFLOW_CTX_DAG_RUN_ID='manual__2025-06-06T20:20:25.822064+00:00'
[2025-06-06T20:20:29.570+0000] {etl_pipeline.py:25} INFO - [START] Task: transform_grammys
[2025-06-06T20:20:29.762+0000] {logging_mixin.py:188} INFO - Grammys transformado.
[2025-06-06T20:20:29.765+0000] {etl_pipeline.py:27} INFO - [END] Task: transform_grammys
[2025-06-06T20:20:29.765+0000] {python.py:201} INFO - Done. Returned value was: None
[2025-06-06T20:20:29.776+0000] {taskinstance.py:1138} INFO - Marking task as SUCCESS. dag_id=etl_music_pipeline, task_id=transform_grammys, execution_date=20250606T202025, start_date=20250606T202029, end_date=20250606T202029
[2025-06-06T20:20:29.836+0000] {local_task_job_runner.py:234} INFO - Task exited with return code 0
[2025-06-06T20:20:29.858+0000] {taskinstance.py:3280} INFO - 0 downstream tasks scheduled from follow-on schedule check
