[2025-06-06T18:49:39.655+0000] {logging_mixin.py:188} INFO - Changing /opt/***/logs/dag_id=etl_music_pipeline/run_id=manual__2025-06-06T18:49:38.035413+00:00/task_id=extract_grammy permission to 509
[2025-06-06T18:49:39.656+0000] {logging_mixin.py:188} INFO - Failed to change /opt/***/logs/dag_id=etl_music_pipeline/run_id=manual__2025-06-06T18:49:38.035413+00:00/task_id=extract_grammy permission to 509: [Errno 1] Operation not permitted: '/opt/***/logs/dag_id=etl_music_pipeline/run_id=manual__2025-06-06T18:49:38.035413+00:00/task_id=extract_grammy'
[2025-06-06T18:49:39.680+0000] {logging_mixin.py:188} INFO - Changing /opt/***/logs/dag_id=etl_music_pipeline/run_id=manual__2025-06-06T18:49:38.035413+00:00/task_id=extract_grammy permission to 509
[2025-06-06T18:49:39.680+0000] {logging_mixin.py:188} INFO - Failed to change /opt/***/logs/dag_id=etl_music_pipeline/run_id=manual__2025-06-06T18:49:38.035413+00:00/task_id=extract_grammy permission to 509: [Errno 1] Operation not permitted: '/opt/***/logs/dag_id=etl_music_pipeline/run_id=manual__2025-06-06T18:49:38.035413+00:00/task_id=extract_grammy'
[2025-06-06T18:49:39.706+0000] {taskinstance.py:1956} INFO - Dependencies all met for dep_context=non-requeueable deps ti=<TaskInstance: etl_music_pipeline.extract_grammy manual__2025-06-06T18:49:38.035413+00:00 [queued]>
[2025-06-06T18:49:39.710+0000] {taskinstance.py:1956} INFO - Dependencies all met for dep_context=requeueable deps ti=<TaskInstance: etl_music_pipeline.extract_grammy manual__2025-06-06T18:49:38.035413+00:00 [queued]>
[2025-06-06T18:49:39.711+0000] {taskinstance.py:2170} INFO - Starting attempt 1 of 2
[2025-06-06T18:49:39.721+0000] {taskinstance.py:2191} INFO - Executing <Task(PythonOperator): extract_grammy> on 2025-06-06 18:49:38.035413+00:00
[2025-06-06T18:49:39.725+0000] {standard_task_runner.py:60} INFO - Started process 1079 to run task
[2025-06-06T18:49:39.728+0000] {standard_task_runner.py:87} INFO - Running: ['***', 'tasks', 'run', 'etl_music_pipeline', 'extract_grammy', 'manual__2025-06-06T18:49:38.035413+00:00', '--job-id', '9', '--raw', '--subdir', 'DAGS_FOLDER/etl_pipeline.py', '--cfg-path', '/tmp/tmpf7u1fp63']
[2025-06-06T18:49:39.730+0000] {standard_task_runner.py:88} INFO - Job 9: Subtask extract_grammy
[2025-06-06T18:49:39.766+0000] {logging_mixin.py:188} INFO - Changing /opt/***/logs/dag_id=etl_music_pipeline/run_id=manual__2025-06-06T18:49:38.035413+00:00/task_id=extract_grammy permission to 509
[2025-06-06T18:49:39.766+0000] {logging_mixin.py:188} INFO - Failed to change /opt/***/logs/dag_id=etl_music_pipeline/run_id=manual__2025-06-06T18:49:38.035413+00:00/task_id=extract_grammy permission to 509: [Errno 1] Operation not permitted: '/opt/***/logs/dag_id=etl_music_pipeline/run_id=manual__2025-06-06T18:49:38.035413+00:00/task_id=extract_grammy'
[2025-06-06T18:49:39.767+0000] {task_command.py:423} INFO - Running <TaskInstance: etl_music_pipeline.extract_grammy manual__2025-06-06T18:49:38.035413+00:00 [running]> on host 3dc3cd419f05
[2025-06-06T18:49:39.826+0000] {taskinstance.py:2480} INFO - Exporting env vars: AIRFLOW_CTX_DAG_OWNER='***' AIRFLOW_CTX_DAG_ID='etl_music_pipeline' AIRFLOW_CTX_TASK_ID='extract_grammy' AIRFLOW_CTX_EXECUTION_DATE='2025-06-06T18:49:38.035413+00:00' AIRFLOW_CTX_TRY_NUMBER='1' AIRFLOW_CTX_DAG_RUN_ID='manual__2025-06-06T18:49:38.035413+00:00'
[2025-06-06T18:49:39.827+0000] {etl_pipeline.py:25} INFO - [START] Task: extract_grammy
[2025-06-06T18:49:39.949+0000] {logging_mixin.py:188} INFO -  Extraído: the_grammy_awards_clean.csv
[2025-06-06T18:49:39.951+0000] {etl_pipeline.py:27} INFO - [END] Task: extract_grammy
[2025-06-06T18:49:39.952+0000] {python.py:201} INFO - Done. Returned value was: None
[2025-06-06T18:49:39.960+0000] {taskinstance.py:1138} INFO - Marking task as SUCCESS. dag_id=etl_music_pipeline, task_id=extract_grammy, execution_date=20250606T184938, start_date=20250606T184939, end_date=20250606T184939
[2025-06-06T18:49:40.020+0000] {local_task_job_runner.py:234} INFO - Task exited with return code 0
[2025-06-06T18:49:40.039+0000] {taskinstance.py:3280} INFO - 1 downstream tasks scheduled from follow-on schedule check
