[2025-06-06T20:20:27.134+0000] {logging_mixin.py:188} INFO - Changing /opt/***/logs/dag_id=etl_music_pipeline/run_id=manual__2025-06-06T20:20:25.822064+00:00/task_id=extract_spotify permission to 509
[2025-06-06T20:20:27.134+0000] {logging_mixin.py:188} INFO - Failed to change /opt/***/logs/dag_id=etl_music_pipeline/run_id=manual__2025-06-06T20:20:25.822064+00:00/task_id=extract_spotify permission to 509: [Errno 1] Operation not permitted: '/opt/***/logs/dag_id=etl_music_pipeline/run_id=manual__2025-06-06T20:20:25.822064+00:00/task_id=extract_spotify'
[2025-06-06T20:20:27.155+0000] {logging_mixin.py:188} INFO - Changing /opt/***/logs/dag_id=etl_music_pipeline/run_id=manual__2025-06-06T20:20:25.822064+00:00/task_id=extract_spotify permission to 509
[2025-06-06T20:20:27.156+0000] {logging_mixin.py:188} INFO - Failed to change /opt/***/logs/dag_id=etl_music_pipeline/run_id=manual__2025-06-06T20:20:25.822064+00:00/task_id=extract_spotify permission to 509: [Errno 1] Operation not permitted: '/opt/***/logs/dag_id=etl_music_pipeline/run_id=manual__2025-06-06T20:20:25.822064+00:00/task_id=extract_spotify'
[2025-06-06T20:20:27.183+0000] {taskinstance.py:1956} INFO - Dependencies all met for dep_context=non-requeueable deps ti=<TaskInstance: etl_music_pipeline.extract_spotify manual__2025-06-06T20:20:25.822064+00:00 [queued]>
[2025-06-06T20:20:27.189+0000] {taskinstance.py:1956} INFO - Dependencies all met for dep_context=requeueable deps ti=<TaskInstance: etl_music_pipeline.extract_spotify manual__2025-06-06T20:20:25.822064+00:00 [queued]>
[2025-06-06T20:20:27.189+0000] {taskinstance.py:2170} INFO - Starting attempt 1 of 2
[2025-06-06T20:20:27.199+0000] {taskinstance.py:2191} INFO - Executing <Task(PythonOperator): extract_spotify> on 2025-06-06 20:20:25.822064+00:00
[2025-06-06T20:20:27.204+0000] {standard_task_runner.py:60} INFO - Started process 218 to run task
[2025-06-06T20:20:27.207+0000] {standard_task_runner.py:87} INFO - Running: ['***', 'tasks', 'run', 'etl_music_pipeline', 'extract_spotify', 'manual__2025-06-06T20:20:25.822064+00:00', '--job-id', '4', '--raw', '--subdir', 'DAGS_FOLDER/etl_pipeline.py', '--cfg-path', '/tmp/tmpjw9h684s']
[2025-06-06T20:20:27.209+0000] {standard_task_runner.py:88} INFO - Job 4: Subtask extract_spotify
[2025-06-06T20:20:27.251+0000] {logging_mixin.py:188} INFO - Changing /opt/***/logs/dag_id=etl_music_pipeline/run_id=manual__2025-06-06T20:20:25.822064+00:00/task_id=extract_spotify permission to 509
[2025-06-06T20:20:27.252+0000] {logging_mixin.py:188} INFO - Failed to change /opt/***/logs/dag_id=etl_music_pipeline/run_id=manual__2025-06-06T20:20:25.822064+00:00/task_id=extract_spotify permission to 509: [Errno 1] Operation not permitted: '/opt/***/logs/dag_id=etl_music_pipeline/run_id=manual__2025-06-06T20:20:25.822064+00:00/task_id=extract_spotify'
[2025-06-06T20:20:27.253+0000] {task_command.py:423} INFO - Running <TaskInstance: etl_music_pipeline.extract_spotify manual__2025-06-06T20:20:25.822064+00:00 [running]> on host 2c7dc015a251
[2025-06-06T20:20:27.324+0000] {taskinstance.py:2480} INFO - Exporting env vars: AIRFLOW_CTX_DAG_OWNER='***' AIRFLOW_CTX_DAG_ID='etl_music_pipeline' AIRFLOW_CTX_TASK_ID='extract_spotify' AIRFLOW_CTX_EXECUTION_DATE='2025-06-06T20:20:25.822064+00:00' AIRFLOW_CTX_TRY_NUMBER='1' AIRFLOW_CTX_DAG_RUN_ID='manual__2025-06-06T20:20:25.822064+00:00'
[2025-06-06T20:20:27.325+0000] {etl_pipeline.py:25} INFO - [START] Task: extract_spotify
[2025-06-06T20:20:28.214+0000] {logging_mixin.py:188} INFO -  Extraído: spotify_dataset_clean.csv
[2025-06-06T20:20:28.216+0000] {etl_pipeline.py:27} INFO - [END] Task: extract_spotify
[2025-06-06T20:20:28.216+0000] {python.py:201} INFO - Done. Returned value was: None
[2025-06-06T20:20:28.224+0000] {taskinstance.py:1138} INFO - Marking task as SUCCESS. dag_id=etl_music_pipeline, task_id=extract_spotify, execution_date=20250606T202025, start_date=20250606T202027, end_date=20250606T202028
[2025-06-06T20:20:28.261+0000] {local_task_job_runner.py:234} INFO - Task exited with return code 0
[2025-06-06T20:20:28.283+0000] {taskinstance.py:3280} INFO - 1 downstream tasks scheduled from follow-on schedule check
