[2025-06-06T18:49:39.654+0000] {logging_mixin.py:188} INFO - Changing /opt/***/logs/dag_id=etl_music_pipeline/run_id=manual__2025-06-06T18:49:38.035413+00:00/task_id=extract_api permission to 509
[2025-06-06T18:49:39.655+0000] {logging_mixin.py:188} INFO - Failed to change /opt/***/logs/dag_id=etl_music_pipeline/run_id=manual__2025-06-06T18:49:38.035413+00:00/task_id=extract_api permission to 509: [Errno 1] Operation not permitted: '/opt/***/logs/dag_id=etl_music_pipeline/run_id=manual__2025-06-06T18:49:38.035413+00:00/task_id=extract_api'
[2025-06-06T18:49:39.680+0000] {logging_mixin.py:188} INFO - Changing /opt/***/logs/dag_id=etl_music_pipeline/run_id=manual__2025-06-06T18:49:38.035413+00:00/task_id=extract_api permission to 509
[2025-06-06T18:49:39.680+0000] {logging_mixin.py:188} INFO - Failed to change /opt/***/logs/dag_id=etl_music_pipeline/run_id=manual__2025-06-06T18:49:38.035413+00:00/task_id=extract_api permission to 509: [Errno 1] Operation not permitted: '/opt/***/logs/dag_id=etl_music_pipeline/run_id=manual__2025-06-06T18:49:38.035413+00:00/task_id=extract_api'
[2025-06-06T18:49:39.705+0000] {taskinstance.py:1956} INFO - Dependencies all met for dep_context=non-requeueable deps ti=<TaskInstance: etl_music_pipeline.extract_api manual__2025-06-06T18:49:38.035413+00:00 [queued]>
[2025-06-06T18:49:39.710+0000] {taskinstance.py:1956} INFO - Dependencies all met for dep_context=requeueable deps ti=<TaskInstance: etl_music_pipeline.extract_api manual__2025-06-06T18:49:38.035413+00:00 [queued]>
[2025-06-06T18:49:39.711+0000] {taskinstance.py:2170} INFO - Starting attempt 1 of 2
[2025-06-06T18:49:39.721+0000] {taskinstance.py:2191} INFO - Executing <Task(PythonOperator): extract_api> on 2025-06-06 18:49:38.035413+00:00
[2025-06-06T18:49:39.726+0000] {standard_task_runner.py:60} INFO - Started process 1081 to run task
[2025-06-06T18:49:39.728+0000] {standard_task_runner.py:87} INFO - Running: ['***', 'tasks', 'run', 'etl_music_pipeline', 'extract_api', 'manual__2025-06-06T18:49:38.035413+00:00', '--job-id', '8', '--raw', '--subdir', 'DAGS_FOLDER/etl_pipeline.py', '--cfg-path', '/tmp/tmp0ao5h3ct']
[2025-06-06T18:49:39.730+0000] {standard_task_runner.py:88} INFO - Job 8: Subtask extract_api
[2025-06-06T18:49:39.767+0000] {logging_mixin.py:188} INFO - Changing /opt/***/logs/dag_id=etl_music_pipeline/run_id=manual__2025-06-06T18:49:38.035413+00:00/task_id=extract_api permission to 509
[2025-06-06T18:49:39.767+0000] {logging_mixin.py:188} INFO - Failed to change /opt/***/logs/dag_id=etl_music_pipeline/run_id=manual__2025-06-06T18:49:38.035413+00:00/task_id=extract_api permission to 509: [Errno 1] Operation not permitted: '/opt/***/logs/dag_id=etl_music_pipeline/run_id=manual__2025-06-06T18:49:38.035413+00:00/task_id=extract_api'
[2025-06-06T18:49:39.768+0000] {task_command.py:423} INFO - Running <TaskInstance: etl_music_pipeline.extract_api manual__2025-06-06T18:49:38.035413+00:00 [running]> on host 3dc3cd419f05
[2025-06-06T18:49:39.826+0000] {taskinstance.py:2480} INFO - Exporting env vars: AIRFLOW_CTX_DAG_OWNER='***' AIRFLOW_CTX_DAG_ID='etl_music_pipeline' AIRFLOW_CTX_TASK_ID='extract_api' AIRFLOW_CTX_EXECUTION_DATE='2025-06-06T18:49:38.035413+00:00' AIRFLOW_CTX_TRY_NUMBER='1' AIRFLOW_CTX_DAG_RUN_ID='manual__2025-06-06T18:49:38.035413+00:00'
[2025-06-06T18:49:39.827+0000] {etl_pipeline.py:25} INFO - [START] Task: extract_api
[2025-06-06T18:49:39.830+0000] {logging_mixin.py:188} INFO -  No se encontró SPOTIFY_TOKEN en el .env
[2025-06-06T18:49:39.830+0000] {etl_pipeline.py:27} INFO - [END] Task: extract_api
[2025-06-06T18:49:39.830+0000] {python.py:201} INFO - Done. Returned value was: None
[2025-06-06T18:49:39.837+0000] {taskinstance.py:1138} INFO - Marking task as SUCCESS. dag_id=etl_music_pipeline, task_id=extract_api, execution_date=20250606T184938, start_date=20250606T184939, end_date=20250606T184939
[2025-06-06T18:49:39.861+0000] {local_task_job_runner.py:234} INFO - Task exited with return code 0
[2025-06-06T18:49:39.880+0000] {taskinstance.py:3280} INFO - 1 downstream tasks scheduled from follow-on schedule check
