[2025-06-06T18:54:56.822+0000] {logging_mixin.py:188} INFO - Changing /opt/***/logs/dag_id=etl_music_pipeline/run_id=manual__2025-06-06T18:49:52.423782+00:00/task_id=transform_grammys permission to 509
[2025-06-06T18:54:56.823+0000] {logging_mixin.py:188} INFO - Failed to change /opt/***/logs/dag_id=etl_music_pipeline/run_id=manual__2025-06-06T18:49:52.423782+00:00/task_id=transform_grammys permission to 509: [Errno 1] Operation not permitted: '/opt/***/logs/dag_id=etl_music_pipeline/run_id=manual__2025-06-06T18:49:52.423782+00:00/task_id=transform_grammys'
[2025-06-06T18:54:56.841+0000] {logging_mixin.py:188} INFO - Changing /opt/***/logs/dag_id=etl_music_pipeline/run_id=manual__2025-06-06T18:49:52.423782+00:00/task_id=transform_grammys permission to 509
[2025-06-06T18:54:56.841+0000] {logging_mixin.py:188} INFO - Failed to change /opt/***/logs/dag_id=etl_music_pipeline/run_id=manual__2025-06-06T18:49:52.423782+00:00/task_id=transform_grammys permission to 509: [Errno 1] Operation not permitted: '/opt/***/logs/dag_id=etl_music_pipeline/run_id=manual__2025-06-06T18:49:52.423782+00:00/task_id=transform_grammys'
[2025-06-06T18:54:56.865+0000] {taskinstance.py:1956} INFO - Dependencies all met for dep_context=non-requeueable deps ti=<TaskInstance: etl_music_pipeline.transform_grammys manual__2025-06-06T18:49:52.423782+00:00 [queued]>
[2025-06-06T18:54:56.870+0000] {taskinstance.py:1956} INFO - Dependencies all met for dep_context=requeueable deps ti=<TaskInstance: etl_music_pipeline.transform_grammys manual__2025-06-06T18:49:52.423782+00:00 [queued]>
[2025-06-06T18:54:56.870+0000] {taskinstance.py:2170} INFO - Starting attempt 2 of 2
[2025-06-06T18:54:56.880+0000] {taskinstance.py:2191} INFO - Executing <Task(PythonOperator): transform_grammys> on 2025-06-06 18:49:52.423782+00:00
[2025-06-06T18:54:56.883+0000] {standard_task_runner.py:60} INFO - Started process 1682 to run task
[2025-06-06T18:54:56.886+0000] {standard_task_runner.py:87} INFO - Running: ['***', 'tasks', 'run', 'etl_music_pipeline', 'transform_grammys', 'manual__2025-06-06T18:49:52.423782+00:00', '--job-id', '75', '--raw', '--subdir', 'DAGS_FOLDER/etl_pipeline.py', '--cfg-path', '/tmp/tmp_w88chwn']
[2025-06-06T18:54:56.888+0000] {standard_task_runner.py:88} INFO - Job 75: Subtask transform_grammys
[2025-06-06T18:54:56.924+0000] {logging_mixin.py:188} INFO - Changing /opt/***/logs/dag_id=etl_music_pipeline/run_id=manual__2025-06-06T18:49:52.423782+00:00/task_id=transform_grammys permission to 509
[2025-06-06T18:54:56.924+0000] {logging_mixin.py:188} INFO - Failed to change /opt/***/logs/dag_id=etl_music_pipeline/run_id=manual__2025-06-06T18:49:52.423782+00:00/task_id=transform_grammys permission to 509: [Errno 1] Operation not permitted: '/opt/***/logs/dag_id=etl_music_pipeline/run_id=manual__2025-06-06T18:49:52.423782+00:00/task_id=transform_grammys'
[2025-06-06T18:54:56.926+0000] {task_command.py:423} INFO - Running <TaskInstance: etl_music_pipeline.transform_grammys manual__2025-06-06T18:49:52.423782+00:00 [running]> on host 3dc3cd419f05
[2025-06-06T18:54:56.980+0000] {taskinstance.py:2480} INFO - Exporting env vars: AIRFLOW_CTX_DAG_OWNER='***' AIRFLOW_CTX_DAG_ID='etl_music_pipeline' AIRFLOW_CTX_TASK_ID='transform_grammys' AIRFLOW_CTX_EXECUTION_DATE='2025-06-06T18:49:52.423782+00:00' AIRFLOW_CTX_TRY_NUMBER='2' AIRFLOW_CTX_DAG_RUN_ID='manual__2025-06-06T18:49:52.423782+00:00'
[2025-06-06T18:54:56.981+0000] {etl_pipeline.py:25} INFO - [START] Task: transform_grammys
[2025-06-06T18:54:56.981+0000] {taskinstance.py:2698} ERROR - Task failed with exception
Traceback (most recent call last):
  File "/home/airflow/.local/lib/python3.10/site-packages/airflow/models/taskinstance.py", line 433, in _execute_task
    result = execute_callable(context=context, **execute_callable_kwargs)
  File "/home/airflow/.local/lib/python3.10/site-packages/airflow/operators/python.py", line 199, in execute
    return_value = self.execute_callable()
  File "/home/airflow/.local/lib/python3.10/site-packages/airflow/operators/python.py", line 216, in execute_callable
    return self.python_callable(*self.op_args, **self.op_kwargs)
  File "/opt/airflow/dags/etl_pipeline.py", line 26, in wrapper
    result = func(*args, **kwargs)
  File "/opt/airflow/dags/etl_pipeline.py", line 33, in wrapper
    func(*args, **kwargs)
TypeError: transform_grammys() got an unexpected keyword argument 'conf'
[2025-06-06T18:54:56.989+0000] {taskinstance.py:1138} INFO - Marking task as FAILED. dag_id=etl_music_pipeline, task_id=transform_grammys, execution_date=20250606T184952, start_date=20250606T185456, end_date=20250606T185456
[2025-06-06T18:54:56.996+0000] {standard_task_runner.py:107} ERROR - Failed to execute job 75 for task transform_grammys (transform_grammys() got an unexpected keyword argument 'conf'; 1682)
[2025-06-06T18:54:57.017+0000] {local_task_job_runner.py:234} INFO - Task exited with return code 1
[2025-06-06T18:54:57.034+0000] {taskinstance.py:3280} INFO - 0 downstream tasks scheduled from follow-on schedule check
