[2025-06-06T20:20:28.051+0000] {logging_mixin.py:188} INFO - Changing /opt/***/logs/dag_id=etl_music_pipeline/run_id=manual__2025-06-06T20:20:25.822064+00:00/task_id=transform_api permission to 509
[2025-06-06T20:20:28.051+0000] {logging_mixin.py:188} INFO - Failed to change /opt/***/logs/dag_id=etl_music_pipeline/run_id=manual__2025-06-06T20:20:25.822064+00:00/task_id=transform_api permission to 509: [Errno 1] Operation not permitted: '/opt/***/logs/dag_id=etl_music_pipeline/run_id=manual__2025-06-06T20:20:25.822064+00:00/task_id=transform_api'
[2025-06-06T20:20:28.070+0000] {logging_mixin.py:188} INFO - Changing /opt/***/logs/dag_id=etl_music_pipeline/run_id=manual__2025-06-06T20:20:25.822064+00:00/task_id=transform_api permission to 509
[2025-06-06T20:20:28.071+0000] {logging_mixin.py:188} INFO - Failed to change /opt/***/logs/dag_id=etl_music_pipeline/run_id=manual__2025-06-06T20:20:25.822064+00:00/task_id=transform_api permission to 509: [Errno 1] Operation not permitted: '/opt/***/logs/dag_id=etl_music_pipeline/run_id=manual__2025-06-06T20:20:25.822064+00:00/task_id=transform_api'
[2025-06-06T20:20:28.098+0000] {taskinstance.py:1956} INFO - Dependencies all met for dep_context=non-requeueable deps ti=<TaskInstance: etl_music_pipeline.transform_api manual__2025-06-06T20:20:25.822064+00:00 [queued]>
[2025-06-06T20:20:28.103+0000] {taskinstance.py:1956} INFO - Dependencies all met for dep_context=requeueable deps ti=<TaskInstance: etl_music_pipeline.transform_api manual__2025-06-06T20:20:25.822064+00:00 [queued]>
[2025-06-06T20:20:28.103+0000] {taskinstance.py:2170} INFO - Starting attempt 1 of 2
[2025-06-06T20:20:28.113+0000] {taskinstance.py:2191} INFO - Executing <Task(PythonOperator): transform_api> on 2025-06-06 20:20:25.822064+00:00
[2025-06-06T20:20:28.118+0000] {standard_task_runner.py:60} INFO - Started process 256 to run task
[2025-06-06T20:20:28.120+0000] {standard_task_runner.py:87} INFO - Running: ['***', 'tasks', 'run', 'etl_music_pipeline', 'transform_api', 'manual__2025-06-06T20:20:25.822064+00:00', '--job-id', '5', '--raw', '--subdir', 'DAGS_FOLDER/etl_pipeline.py', '--cfg-path', '/tmp/tmp6a9n_kco']
[2025-06-06T20:20:28.122+0000] {standard_task_runner.py:88} INFO - Job 5: Subtask transform_api
[2025-06-06T20:20:28.160+0000] {logging_mixin.py:188} INFO - Changing /opt/***/logs/dag_id=etl_music_pipeline/run_id=manual__2025-06-06T20:20:25.822064+00:00/task_id=transform_api permission to 509
[2025-06-06T20:20:28.161+0000] {logging_mixin.py:188} INFO - Failed to change /opt/***/logs/dag_id=etl_music_pipeline/run_id=manual__2025-06-06T20:20:25.822064+00:00/task_id=transform_api permission to 509: [Errno 1] Operation not permitted: '/opt/***/logs/dag_id=etl_music_pipeline/run_id=manual__2025-06-06T20:20:25.822064+00:00/task_id=transform_api'
[2025-06-06T20:20:28.162+0000] {task_command.py:423} INFO - Running <TaskInstance: etl_music_pipeline.transform_api manual__2025-06-06T20:20:25.822064+00:00 [running]> on host 2c7dc015a251
[2025-06-06T20:20:28.227+0000] {taskinstance.py:2480} INFO - Exporting env vars: AIRFLOW_CTX_DAG_OWNER='***' AIRFLOW_CTX_DAG_ID='etl_music_pipeline' AIRFLOW_CTX_TASK_ID='transform_api' AIRFLOW_CTX_EXECUTION_DATE='2025-06-06T20:20:25.822064+00:00' AIRFLOW_CTX_TRY_NUMBER='1' AIRFLOW_CTX_DAG_RUN_ID='manual__2025-06-06T20:20:25.822064+00:00'
[2025-06-06T20:20:28.228+0000] {etl_pipeline.py:25} INFO - [START] Task: transform_api
[2025-06-06T20:20:28.288+0000] {logging_mixin.py:188} INFO - API Spotify transformado.
[2025-06-06T20:20:28.289+0000] {etl_pipeline.py:27} INFO - [END] Task: transform_api
[2025-06-06T20:20:28.289+0000] {python.py:201} INFO - Done. Returned value was: None
[2025-06-06T20:20:28.297+0000] {taskinstance.py:1138} INFO - Marking task as SUCCESS. dag_id=etl_music_pipeline, task_id=transform_api, execution_date=20250606T202025, start_date=20250606T202028, end_date=20250606T202028
[2025-06-06T20:20:28.333+0000] {local_task_job_runner.py:234} INFO - Task exited with return code 0
[2025-06-06T20:20:28.349+0000] {taskinstance.py:3280} INFO - 0 downstream tasks scheduled from follow-on schedule check
